{"/home/travis/build/npmtest/node-npmtest-protocol-buffers/test.js":{"path":"/home/travis/build/npmtest/node-npmtest-protocol-buffers/test.js","s":{"1":2,"2":2,"3":2,"4":2,"5":2,"6":2,"7":2,"8":1,"9":2,"10":2,"11":1,"12":1,"13":1,"14":1,"15":2,"16":2,"17":2,"18":2,"19":1,"20":1,"21":2,"22":2,"23":2,"24":1,"25":1,"26":1,"27":1,"28":1,"29":1,"30":1,"31":1,"32":1,"33":1,"34":1,"35":1,"36":1,"37":2,"38":2,"39":1,"40":2,"41":2,"42":1,"43":2,"44":2,"45":1,"46":2,"47":2,"48":1,"49":1,"50":1,"51":1,"52":1},"b":{"1":[2,1,1,1],"2":[1,1,1,1],"3":[1,1],"4":[1,1],"5":[1,1],"6":[1,1],"7":[1,1],"8":[1,1],"9":[1,1,1],"10":[1,1],"11":[1,1],"12":[1,1],"13":[1,1],"14":[1,1],"15":[1,1],"16":[1,1]},"f":{"1":2,"2":2,"3":2,"4":2,"5":2,"6":1,"7":1,"8":2,"9":2,"10":2,"11":2,"12":1},"fnMap":{"1":{"name":"(anonymous_1)","line":12,"loc":{"start":{"line":12,"column":1},"end":{"line":12,"column":13}}},"2":{"name":"(anonymous_2)","line":19,"loc":{"start":{"line":19,"column":5},"end":{"line":19,"column":17}}},"3":{"name":"(anonymous_3)","line":23,"loc":{"start":{"line":23,"column":24},"end":{"line":23,"column":36}}},"4":{"name":"(anonymous_4)","line":61,"loc":{"start":{"line":61,"column":5},"end":{"line":61,"column":17}}},"5":{"name":"(anonymous_5)","line":82,"loc":{"start":{"line":82,"column":5},"end":{"line":82,"column":17}}},"6":{"name":"(anonymous_6)","line":102,"loc":{"start":{"line":102,"column":83},"end":{"line":105,"column":10}},"skip":true},"7":{"name":"(anonymous_7)","line":113,"loc":{"start":{"line":113,"column":77},"end":{"line":116,"column":10}},"skip":true},"8":{"name":"(anonymous_8)","line":129,"loc":{"start":{"line":129,"column":12},"end":{"line":129,"column":40}},"skip":true},"9":{"name":"(anonymous_9)","line":137,"loc":{"start":{"line":137,"column":77},"end":{"line":140,"column":10}},"skip":true},"10":{"name":"(anonymous_10)","line":148,"loc":{"start":{"line":148,"column":83},"end":{"line":151,"column":10}},"skip":true},"11":{"name":"(anonymous_11)","line":159,"loc":{"start":{"line":159,"column":79},"end":{"line":162,"column":10}},"skip":true},"12":{"name":"(anonymous_12)","line":170,"loc":{"start":{"line":170,"column":75},"end":{"line":173,"column":10}},"skip":true}},"statementMap":{"1":{"start":{"line":12,"column":0},"end":{"line":185,"column":5}},"2":{"start":{"line":14,"column":4},"end":{"line":14,"column":14}},"3":{"start":{"line":19,"column":4},"end":{"line":56,"column":9}},"4":{"start":{"line":21,"column":8},"end":{"line":21,"column":19}},"5":{"start":{"line":23,"column":8},"end":{"line":35,"column":13}},"6":{"start":{"line":24,"column":12},"end":{"line":34,"column":13}},"7":{"start":{"line":25,"column":16},"end":{"line":28,"column":30}},"8":{"start":{"line":30,"column":16},"end":{"line":33,"column":27}},"9":{"start":{"line":37,"column":8},"end":{"line":39,"column":21}},"10":{"start":{"line":40,"column":8},"end":{"line":53,"column":9}},"11":{"start":{"line":43,"column":12},"end":{"line":46,"column":14}},"12":{"start":{"line":47,"column":12},"end":{"line":47,"column":18}},"13":{"start":{"line":50,"column":12},"end":{"line":51,"column":46}},"14":{"start":{"line":52,"column":12},"end":{"line":52,"column":18}},"15":{"start":{"line":55,"column":8},"end":{"line":55,"column":35}},"16":{"start":{"line":61,"column":4},"end":{"line":63,"column":9}},"17":{"start":{"line":62,"column":8},"end":{"line":62,"column":15}},"18":{"start":{"line":64,"column":4},"end":{"line":77,"column":5}},"19":{"start":{"line":70,"column":8},"end":{"line":70,"column":14}},"20":{"start":{"line":76,"column":8},"end":{"line":76,"column":14}},"21":{"start":{"line":82,"column":4},"end":{"line":84,"column":9}},"22":{"start":{"line":83,"column":8},"end":{"line":83,"column":15}},"23":{"start":{"line":85,"column":4},"end":{"line":184,"column":5}},"24":{"start":{"line":92,"column":8},"end":{"line":94,"column":63}},"25":{"start":{"line":95,"column":8},"end":{"line":95,"column":14}},"26":{"start":{"line":102,"column":8},"end":{"line":111,"column":10},"skip":true},"27":{"start":{"line":109,"column":12},"end":{"line":109,"column":55},"skip":true},"28":{"start":{"line":110,"column":12},"end":{"line":110,"column":48},"skip":true},"29":{"start":{"line":113,"column":8},"end":{"line":126,"column":10},"skip":true},"30":{"start":{"line":120,"column":12},"end":{"line":120,"column":76},"skip":true},"31":{"start":{"line":121,"column":12},"end":{"line":121,"column":73},"skip":true},"32":{"start":{"line":122,"column":12},"end":{"line":122,"column":74},"skip":true},"33":{"start":{"line":123,"column":12},"end":{"line":123,"column":79},"skip":true},"34":{"start":{"line":124,"column":12},"end":{"line":124,"column":25},"skip":true},"35":{"start":{"line":125,"column":12},"end":{"line":125,"column":45},"skip":true},"36":{"start":{"line":128,"column":8},"end":{"line":135,"column":14},"skip":true},"37":{"start":{"line":133,"column":16},"end":{"line":133,"column":29},"skip":true},"38":{"start":{"line":134,"column":16},"end":{"line":134,"column":55},"skip":true},"39":{"start":{"line":137,"column":8},"end":{"line":146,"column":10},"skip":true},"40":{"start":{"line":144,"column":12},"end":{"line":144,"column":25},"skip":true},"41":{"start":{"line":145,"column":12},"end":{"line":145,"column":45},"skip":true},"42":{"start":{"line":148,"column":8},"end":{"line":157,"column":10},"skip":true},"43":{"start":{"line":155,"column":12},"end":{"line":155,"column":25},"skip":true},"44":{"start":{"line":156,"column":12},"end":{"line":156,"column":48},"skip":true},"45":{"start":{"line":159,"column":8},"end":{"line":168,"column":10},"skip":true},"46":{"start":{"line":166,"column":12},"end":{"line":166,"column":25},"skip":true},"47":{"start":{"line":167,"column":12},"end":{"line":167,"column":46},"skip":true},"48":{"start":{"line":170,"column":8},"end":{"line":179,"column":10},"skip":true},"49":{"start":{"line":177,"column":12},"end":{"line":177,"column":94},"skip":true},"50":{"start":{"line":178,"column":12},"end":{"line":178,"column":48},"skip":true},"51":{"start":{"line":182,"column":8},"end":{"line":182,"column":35},"skip":true},"52":{"start":{"line":183,"column":8},"end":{"line":183,"column":14},"skip":true}},"branchMap":{"1":{"line":25,"type":"binary-expr","locations":[{"start":{"line":25,"column":23},"end":{"line":25,"column":62}},{"start":{"line":26,"column":20},"end":{"line":26,"column":70}},{"start":{"line":27,"column":20},"end":{"line":27,"column":71}},{"start":{"line":28,"column":20},"end":{"line":28,"column":29}}]},"2":{"line":30,"type":"binary-expr","locations":[{"start":{"line":30,"column":23},"end":{"line":30,"column":37}},{"start":{"line":31,"column":20},"end":{"line":31,"column":61}},{"start":{"line":32,"column":20},"end":{"line":32,"column":70}},{"start":{"line":33,"column":20},"end":{"line":33,"column":26}}]},"3":{"line":37,"type":"cond-expr","locations":[{"start":{"line":38,"column":14},"end":{"line":38,"column":20}},{"start":{"line":39,"column":14},"end":{"line":39,"column":20}}]},"4":{"line":40,"type":"switch","locations":[{"start":{"line":42,"column":8},"end":{"line":47,"column":18}},{"start":{"line":49,"column":8},"end":{"line":52,"column":18}}]},"5":{"line":44,"type":"binary-expr","locations":[{"start":{"line":44,"column":16},"end":{"line":44,"column":44}},{"start":{"line":44,"column":48},"end":{"line":44,"column":66}}]},"6":{"line":50,"type":"binary-expr","locations":[{"start":{"line":50,"column":21},"end":{"line":50,"column":49}},{"start":{"line":50,"column":53},"end":{"line":50,"column":72}}]},"7":{"line":64,"type":"switch","locations":[{"start":{"line":69,"column":4},"end":{"line":70,"column":14}},{"start":{"line":75,"column":4},"end":{"line":76,"column":14}}]},"8":{"line":85,"type":"switch","locations":[{"start":{"line":90,"column":4},"end":{"line":95,"column":14}},{"start":{"line":101,"column":4},"end":{"line":183,"column":14},"skip":true}]},"9":{"line":92,"type":"binary-expr","locations":[{"start":{"line":92,"column":18},"end":{"line":92,"column":32}},{"start":{"line":93,"column":12},"end":{"line":93,"column":53}},{"start":{"line":94,"column":12},"end":{"line":94,"column":61}}]},"10":{"line":102,"type":"binary-expr","locations":[{"start":{"line":102,"column":45},"end":{"line":102,"column":79},"skip":true},{"start":{"line":102,"column":83},"end":{"line":111,"column":9},"skip":true}]},"11":{"line":113,"type":"binary-expr","locations":[{"start":{"line":113,"column":42},"end":{"line":113,"column":73},"skip":true},{"start":{"line":113,"column":77},"end":{"line":126,"column":9},"skip":true}]},"12":{"line":128,"type":"binary-expr","locations":[{"start":{"line":128,"column":48},"end":{"line":128,"column":85},"skip":true},{"start":{"line":129,"column":12},"end":{"line":135,"column":13},"skip":true}]},"13":{"line":137,"type":"binary-expr","locations":[{"start":{"line":137,"column":42},"end":{"line":137,"column":73},"skip":true},{"start":{"line":137,"column":77},"end":{"line":146,"column":9},"skip":true}]},"14":{"line":148,"type":"binary-expr","locations":[{"start":{"line":148,"column":45},"end":{"line":148,"column":79},"skip":true},{"start":{"line":148,"column":83},"end":{"line":157,"column":9},"skip":true}]},"15":{"line":159,"type":"binary-expr","locations":[{"start":{"line":159,"column":43},"end":{"line":159,"column":75},"skip":true},{"start":{"line":159,"column":79},"end":{"line":168,"column":9},"skip":true}]},"16":{"line":170,"type":"binary-expr","locations":[{"start":{"line":170,"column":41},"end":{"line":170,"column":71},"skip":true},{"start":{"line":170,"column":75},"end":{"line":179,"column":9},"skip":true}]}},"code":["/* istanbul instrument in package npmtest_protocol_buffers */","/*jslint","    bitwise: true,","    browser: true,","    maxerr: 8,","    maxlen: 96,","    node: true,","    nomen: true,","    regexp: true,","    stupid: true","*/","(function () {","    'use strict';","    var local;","","","","    // run shared js-env code - pre-init","    (function () {","        // init local","        local = {};","        // init modeJs","        local.modeJs = (function () {","            try {","                return typeof navigator.userAgent === 'string' &&","                    typeof document.querySelector('body') === 'object' &&","                    typeof XMLHttpRequest.prototype.open === 'function' &&","                    'browser';","            } catch (errorCaughtBrowser) {","                return module.exports &&","                    typeof process.versions.node === 'string' &&","                    typeof require('http').createServer === 'function' &&","                    'node';","            }","        }());","        // init global","        local.global = local.modeJs === 'browser'","            ? window","            : global;","        switch (local.modeJs) {","        // re-init local from window.local","        case 'browser':","            local = local.global.utility2.objectSetDefault(","                local.global.utility2_rollup || local.global.local,","                local.global.utility2","            );","            break;","        // re-init local from example.js","        case 'node':","            local = (local.global.utility2_rollup || require('utility2'))","                .requireExampleJsFromReadme();","            break;","        }","        // export local","        local.global.local = local;","    }());","","","","    // run shared js-env code - function","    (function () {","        return;","    }());","    switch (local.modeJs) {","","","","    // run browser js-env code - function","    case 'browser':","        break;","","","","    // run node js-env code - function","    case 'node':","        break;","    }","","","","    // run shared js-env code - post-init","    (function () {","        return;","    }());","    switch (local.modeJs) {","","","","    // run browser js-env code - post-init","    case 'browser':","        // run tests","        local.nop(local.modeTest &&","            document.querySelector('#testRunButton1') &&","            document.querySelector('#testRunButton1').click());","        break;","","","","    // run node js-env code - post-init","    /* istanbul ignore next */","    case 'node':","        local.testCase_buildApidoc_default = local.testCase_buildApidoc_default || function (","            options,","            onError","        ) {","        /*","         * this function will test buildApidoc's default handling-behavior-behavior","         */","            options = { modulePathList: module.paths };","            local.buildApidoc(options, onError);","        };","","        local.testCase_buildApp_default = local.testCase_buildApp_default || function (","            options,","            onError","        ) {","        /*","         * this function will test buildApp's default handling-behavior-behavior","         */","            local.testCase_buildReadme_default(options, local.onErrorThrow);","            local.testCase_buildLib_default(options, local.onErrorThrow);","            local.testCase_buildTest_default(options, local.onErrorThrow);","            local.testCase_buildCustomOrg_default(options, local.onErrorThrow);","            options = [];","            local.buildApp(options, onError);","        };","","        local.testCase_buildCustomOrg_default = local.testCase_buildCustomOrg_default ||","            function (options, onError) {","            /*","             * this function will test buildCustomOrg's default handling-behavior","             */","                options = {};","                local.buildCustomOrg(options, onError);","            };","","        local.testCase_buildLib_default = local.testCase_buildLib_default || function (","            options,","            onError","        ) {","        /*","         * this function will test buildLib's default handling-behavior","         */","            options = {};","            local.buildLib(options, onError);","        };","","        local.testCase_buildReadme_default = local.testCase_buildReadme_default || function (","            options,","            onError","        ) {","        /*","         * this function will test buildReadme's default handling-behavior-behavior","         */","            options = {};","            local.buildReadme(options, onError);","        };","","        local.testCase_buildTest_default = local.testCase_buildTest_default || function (","            options,","            onError","        ) {","        /*","         * this function will test buildTest's default handling-behavior","         */","            options = {};","            local.buildTest(options, onError);","        };","","        local.testCase_webpage_default = local.testCase_webpage_default || function (","            options,","            onError","        ) {","        /*","         * this function will test webpage's default handling-behavior","         */","            options = { modeCoverageMerge: true, url: local.serverLocalHost + '?modeTest=1' };","            local.browserTest(options, onError);","        };","","        // run test-server","        local.testRunServer(local);","        break;","    }","}());",""],"l":{"12":2,"14":2,"19":2,"21":2,"23":2,"24":2,"25":2,"30":1,"37":2,"40":2,"43":1,"47":1,"50":1,"52":1,"55":2,"61":2,"62":2,"64":2,"70":1,"76":1,"82":2,"83":2,"85":2,"92":1,"95":1,"102":1,"109":1,"110":1,"113":1,"120":1,"121":1,"122":1,"123":1,"124":1,"125":1,"128":1,"133":2,"134":2,"137":1,"144":2,"145":2,"148":1,"155":2,"156":2,"159":1,"166":2,"167":2,"170":1,"177":1,"178":1,"182":1,"183":1}},"/home/travis/build/npmtest/node-npmtest-protocol-buffers/lib.npmtest_protocol_buffers.js":{"path":"/home/travis/build/npmtest/node-npmtest-protocol-buffers/lib.npmtest_protocol_buffers.js","s":{"1":2,"2":2,"3":2,"4":2,"5":2,"6":2,"7":2,"8":1,"9":2,"10":2,"11":2,"12":2,"13":1,"14":1,"15":1,"16":1},"b":{"1":[2,1,1,1],"2":[1,1,1,1],"3":[1,1],"4":[2,2],"5":[1,1]},"f":{"1":2,"2":2,"3":2},"fnMap":{"1":{"name":"(anonymous_1)","line":12,"loc":{"start":{"line":12,"column":1},"end":{"line":12,"column":13}}},"2":{"name":"(anonymous_2)","line":19,"loc":{"start":{"line":19,"column":5},"end":{"line":19,"column":17}}},"3":{"name":"(anonymous_3)","line":23,"loc":{"start":{"line":23,"column":24},"end":{"line":23,"column":36}}}},"statementMap":{"1":{"start":{"line":12,"column":0},"end":{"line":53,"column":5}},"2":{"start":{"line":14,"column":4},"end":{"line":14,"column":14}},"3":{"start":{"line":19,"column":4},"end":{"line":52,"column":9}},"4":{"start":{"line":21,"column":8},"end":{"line":21,"column":19}},"5":{"start":{"line":23,"column":8},"end":{"line":35,"column":13}},"6":{"start":{"line":24,"column":12},"end":{"line":34,"column":13}},"7":{"start":{"line":25,"column":16},"end":{"line":28,"column":30}},"8":{"start":{"line":30,"column":16},"end":{"line":33,"column":27}},"9":{"start":{"line":37,"column":8},"end":{"line":39,"column":21}},"10":{"start":{"line":41,"column":8},"end":{"line":41,"column":54}},"11":{"start":{"line":43,"column":8},"end":{"line":43,"column":61}},"12":{"start":{"line":45,"column":8},"end":{"line":51,"column":9}},"13":{"start":{"line":46,"column":12},"end":{"line":46,"column":67}},"14":{"start":{"line":48,"column":12},"end":{"line":48,"column":35}},"15":{"start":{"line":49,"column":12},"end":{"line":49,"column":49}},"16":{"start":{"line":50,"column":12},"end":{"line":50,"column":43}}},"branchMap":{"1":{"line":25,"type":"binary-expr","locations":[{"start":{"line":25,"column":23},"end":{"line":25,"column":62}},{"start":{"line":26,"column":20},"end":{"line":26,"column":70}},{"start":{"line":27,"column":20},"end":{"line":27,"column":71}},{"start":{"line":28,"column":20},"end":{"line":28,"column":29}}]},"2":{"line":30,"type":"binary-expr","locations":[{"start":{"line":30,"column":23},"end":{"line":30,"column":37}},{"start":{"line":31,"column":20},"end":{"line":31,"column":61}},{"start":{"line":32,"column":20},"end":{"line":32,"column":70}},{"start":{"line":33,"column":20},"end":{"line":33,"column":26}}]},"3":{"line":37,"type":"cond-expr","locations":[{"start":{"line":38,"column":14},"end":{"line":38,"column":20}},{"start":{"line":39,"column":14},"end":{"line":39,"column":20}}]},"4":{"line":41,"type":"binary-expr","locations":[{"start":{"line":41,"column":16},"end":{"line":41,"column":44}},{"start":{"line":41,"column":48},"end":{"line":41,"column":53}}]},"5":{"line":45,"type":"if","locations":[{"start":{"line":45,"column":8},"end":{"line":45,"column":8}},{"start":{"line":45,"column":8},"end":{"line":45,"column":8}}]}},"code":["/* istanbul instrument in package npmtest_protocol_buffers */","/*jslint","    bitwise: true,","    browser: true,","    maxerr: 8,","    maxlen: 96,","    node: true,","    nomen: true,","    regexp: true,","    stupid: true","*/","(function () {","    'use strict';","    var local;","","","","    // run shared js-env code - pre-init","    (function () {","        // init local","        local = {};","        // init modeJs","        local.modeJs = (function () {","            try {","                return typeof navigator.userAgent === 'string' &&","                    typeof document.querySelector('body') === 'object' &&","                    typeof XMLHttpRequest.prototype.open === 'function' &&","                    'browser';","            } catch (errorCaughtBrowser) {","                return module.exports &&","                    typeof process.versions.node === 'string' &&","                    typeof require('http').createServer === 'function' &&","                    'node';","            }","        }());","        // init global","        local.global = local.modeJs === 'browser'","            ? window","            : global;","        // init utility2_rollup","        local = local.global.utility2_rollup || local;","        // init lib","        local.local = local.npmtest_protocol_buffers = local;","        // init exports","        if (local.modeJs === 'browser') {","            local.global.utility2_npmtest_protocol_buffers = local;","        } else {","            module.exports = local;","            module.exports.__dirname = __dirname;","            module.exports.module = module;","        }","    }());","}());",""],"l":{"12":2,"14":2,"19":2,"21":2,"23":2,"24":2,"25":2,"30":1,"37":2,"41":2,"43":2,"45":2,"46":1,"48":1,"49":1,"50":1}},"/home/travis/build/npmtest/node-npmtest-protocol-buffers/example.js":{"path":"/home/travis/build/npmtest/node-npmtest-protocol-buffers/example.js","s":{"1":2,"2":2,"3":2,"4":2,"5":2,"6":2,"7":2,"8":1,"9":2,"10":2,"11":2,"12":2,"13":1,"14":2,"15":2,"16":2,"17":2,"18":2,"19":0,"20":2,"21":1,"22":1,"23":1,"24":1,"25":1,"26":0,"27":0,"28":1,"29":1,"30":2,"31":0,"32":0,"33":0,"34":1,"35":2,"36":2,"37":2,"38":2,"39":2,"40":2,"41":0,"42":2,"43":2,"44":2,"45":1,"46":3,"47":1,"48":1,"49":1,"50":1,"51":1,"52":1,"53":1,"54":1,"55":1,"56":1,"57":0,"58":1,"59":6,"60":6,"61":1,"62":2,"63":0,"64":2,"65":1,"66":1,"67":0,"68":0,"69":0,"70":0,"71":0,"72":0,"73":0,"74":0,"75":0,"76":0,"77":0,"78":0,"79":0,"80":0,"81":0,"82":0,"83":0},"b":{"1":[2,1,1,1],"2":[1,1,1,1],"3":[1,1],"4":[2,2],"5":[1,1],"6":[1,1],"7":[2,0],"8":[2,1,1,1,1,1],"9":[0,2,0],"10":[1,1],"11":[2,1,1],"12":[1,0],"13":[0,2],"14":[2,0,0,0,0,0,0],"15":[0,2],"16":[2,0],"17":[1,1],"18":[0,1],"19":[1,2,0,2],"20":[1,0],"21":[1,1],"22":[0,0],"23":[0,0],"24":[0,0],"25":[0,0],"26":[0,0],"27":[0,0],"28":[0,0]},"f":{"1":2,"2":2,"3":2,"4":2,"5":2,"6":2,"7":2,"8":2,"9":3,"10":1,"11":6,"12":0},"fnMap":{"1":{"name":"(anonymous_1)","line":26,"loc":{"start":{"line":26,"column":1},"end":{"line":26,"column":13}}},"2":{"name":"(anonymous_2)","line":33,"loc":{"start":{"line":33,"column":5},"end":{"line":33,"column":17}}},"3":{"name":"(anonymous_3)","line":37,"loc":{"start":{"line":37,"column":24},"end":{"line":37,"column":36}}},"4":{"name":"(anonymous_4)","line":69,"loc":{"start":{"line":69,"column":31},"end":{"line":69,"column":48}},"skip":true},"5":{"name":"(anonymous_5)","line":78,"loc":{"start":{"line":78,"column":26},"end":{"line":78,"column":45}},"skip":true},"6":{"name":"(anonymous_6)","line":123,"loc":{"start":{"line":123,"column":33},"end":{"line":123,"column":48}},"skip":true},"7":{"name":"(anonymous_7)","line":125,"loc":{"start":{"line":125,"column":27},"end":{"line":125,"column":39}},"skip":true},"8":{"name":"(anonymous_8)","line":133,"loc":{"start":{"line":133,"column":59},"end":{"line":133,"column":74}},"skip":true},"9":{"name":"(anonymous_9)","line":143,"loc":{"start":{"line":143,"column":45},"end":{"line":143,"column":62}},"skip":true},"10":{"name":"(anonymous_10)","line":144,"loc":{"start":{"line":144,"column":73},"end":{"line":144,"column":92}},"skip":true},"11":{"name":"(anonymous_11)","line":272,"loc":{"start":{"line":272,"column":51},"end":{"line":272,"column":77}},"skip":true},"12":{"name":"(anonymous_12)","line":314,"loc":{"start":{"line":314,"column":32},"end":{"line":314,"column":61}},"skip":true}},"statementMap":{"1":{"start":{"line":26,"column":0},"end":{"line":325,"column":5}},"2":{"start":{"line":28,"column":4},"end":{"line":28,"column":14}},"3":{"start":{"line":33,"column":4},"end":{"line":60,"column":9}},"4":{"start":{"line":35,"column":8},"end":{"line":35,"column":19}},"5":{"start":{"line":37,"column":8},"end":{"line":49,"column":13}},"6":{"start":{"line":38,"column":12},"end":{"line":48,"column":13}},"7":{"start":{"line":39,"column":16},"end":{"line":42,"column":30}},"8":{"start":{"line":44,"column":16},"end":{"line":47,"column":27}},"9":{"start":{"line":51,"column":8},"end":{"line":53,"column":21}},"10":{"start":{"line":55,"column":8},"end":{"line":57,"column":45}},"11":{"start":{"line":59,"column":8},"end":{"line":59,"column":35}},"12":{"start":{"line":61,"column":4},"end":{"line":324,"column":5}},"13":{"start":{"line":69,"column":8},"end":{"line":121,"column":10},"skip":true},"14":{"start":{"line":70,"column":12},"end":{"line":88,"column":13},"skip":true},"15":{"start":{"line":76,"column":16},"end":{"line":87,"column":19},"skip":true},"16":{"start":{"line":79,"column":20},"end":{"line":86,"column":21},"skip":true},"17":{"start":{"line":82,"column":24},"end":{"line":82,"column":43},"skip":true},"18":{"start":{"line":83,"column":24},"end":{"line":83,"column":30},"skip":true},"19":{"start":{"line":85,"column":24},"end":{"line":85,"column":49},"skip":true},"20":{"start":{"line":89,"column":12},"end":{"line":107,"column":13},"skip":true},"21":{"start":{"line":92,"column":16},"end":{"line":102,"column":17},"skip":true},"22":{"start":{"line":93,"column":20},"end":{"line":93,"column":86},"skip":true},"23":{"start":{"line":94,"column":20},"end":{"line":95,"column":45},"skip":true},"24":{"start":{"line":96,"column":20},"end":{"line":96,"column":42},"skip":true},"25":{"start":{"line":97,"column":20},"end":{"line":97,"column":48},"skip":true},"26":{"start":{"line":100,"column":20},"end":{"line":100,"column":85},"skip":true},"27":{"start":{"line":101,"column":20},"end":{"line":101,"column":96},"skip":true},"28":{"start":{"line":103,"column":16},"end":{"line":103,"column":22},"skip":true},"29":{"start":{"line":106,"column":16},"end":{"line":106,"column":22},"skip":true},"30":{"start":{"line":108,"column":12},"end":{"line":120,"column":13},"skip":true},"31":{"start":{"line":114,"column":16},"end":{"line":119,"column":17},"skip":true},"32":{"start":{"line":116,"column":20},"end":{"line":116,"column":78},"skip":true},"33":{"start":{"line":118,"column":20},"end":{"line":118,"column":47},"skip":true},"34":{"start":{"line":123,"column":8},"end":{"line":141,"column":11},"skip":true},"35":{"start":{"line":124,"column":12},"end":{"line":124,"column":54},"skip":true},"36":{"start":{"line":125,"column":12},"end":{"line":140,"column":14},"skip":true},"37":{"start":{"line":126,"column":16},"end":{"line":126,"column":28},"skip":true},"38":{"start":{"line":127,"column":16},"end":{"line":127,"column":69},"skip":true},"39":{"start":{"line":128,"column":16},"end":{"line":128,"column":75},"skip":true},"40":{"start":{"line":129,"column":16},"end":{"line":131,"column":17},"skip":true},"41":{"start":{"line":130,"column":20},"end":{"line":130,"column":27},"skip":true},"42":{"start":{"line":133,"column":16},"end":{"line":137,"column":36},"skip":true},"43":{"start":{"line":134,"column":20},"end":{"line":136,"column":55},"skip":true},"44":{"start":{"line":139,"column":16},"end":{"line":139,"column":57},"skip":true},"45":{"start":{"line":143,"column":8},"end":{"line":147,"column":11},"skip":true},"46":{"start":{"line":144,"column":12},"end":{"line":146,"column":15},"skip":true},"47":{"start":{"line":145,"column":16},"end":{"line":145,"column":70},"skip":true},"48":{"start":{"line":149,"column":8},"end":{"line":149,"column":31},"skip":true},"49":{"start":{"line":150,"column":8},"end":{"line":150,"column":14},"skip":true},"50":{"start":{"line":158,"column":8},"end":{"line":158,"column":31},"skip":true},"51":{"start":{"line":160,"column":8},"end":{"line":160,"column":33},"skip":true},"52":{"start":{"line":161,"column":8},"end":{"line":161,"column":37},"skip":true},"53":{"start":{"line":162,"column":8},"end":{"line":162,"column":35},"skip":true},"54":{"start":{"line":164,"column":8},"end":{"line":164,"column":50},"skip":true},"55":{"start":{"line":166,"column":8},"end":{"line":256,"column":2},"skip":true},"56":{"start":{"line":258,"column":8},"end":{"line":286,"column":9},"skip":true},"57":{"start":{"line":259,"column":12},"end":{"line":269,"column":14},"skip":true},"58":{"start":{"line":271,"column":12},"end":{"line":285,"column":19},"skip":true},"59":{"start":{"line":274,"column":20},"end":{"line":274,"column":35},"skip":true},"60":{"start":{"line":275,"column":20},"end":{"line":284,"column":21},"skip":true},"61":{"start":{"line":277,"column":24},"end":{"line":277,"column":64},"skip":true},"62":{"start":{"line":279,"column":24},"end":{"line":279,"column":40},"skip":true},"63":{"start":{"line":281,"column":24},"end":{"line":281,"column":40},"skip":true},"64":{"start":{"line":283,"column":24},"end":{"line":283,"column":39},"skip":true},"65":{"start":{"line":288,"column":8},"end":{"line":290,"column":9},"skip":true},"66":{"start":{"line":289,"column":12},"end":{"line":289,"column":18},"skip":true},"67":{"start":{"line":291,"column":8},"end":{"line":293,"column":54},"skip":true},"68":{"start":{"line":294,"column":8},"end":{"line":301,"column":37},"skip":true},"69":{"start":{"line":302,"column":8},"end":{"line":302,"column":82},"skip":true},"70":{"start":{"line":305,"column":8},"end":{"line":307,"column":9},"skip":true},"71":{"start":{"line":306,"column":12},"end":{"line":306,"column":82},"skip":true},"72":{"start":{"line":309,"column":8},"end":{"line":311,"column":9},"skip":true},"73":{"start":{"line":310,"column":12},"end":{"line":310,"column":18},"skip":true},"74":{"start":{"line":312,"column":8},"end":{"line":312,"column":54},"skip":true},"75":{"start":{"line":313,"column":8},"end":{"line":313,"column":69},"skip":true},"76":{"start":{"line":314,"column":8},"end":{"line":322,"column":36},"skip":true},"77":{"start":{"line":315,"column":12},"end":{"line":315,"column":61},"skip":true},"78":{"start":{"line":316,"column":12},"end":{"line":319,"column":13},"skip":true},"79":{"start":{"line":317,"column":16},"end":{"line":317,"column":75},"skip":true},"80":{"start":{"line":318,"column":16},"end":{"line":318,"column":23},"skip":true},"81":{"start":{"line":320,"column":12},"end":{"line":320,"column":38},"skip":true},"82":{"start":{"line":321,"column":12},"end":{"line":321,"column":27},"skip":true},"83":{"start":{"line":323,"column":8},"end":{"line":323,"column":14},"skip":true}},"branchMap":{"1":{"line":39,"type":"binary-expr","locations":[{"start":{"line":39,"column":23},"end":{"line":39,"column":62}},{"start":{"line":40,"column":20},"end":{"line":40,"column":70}},{"start":{"line":41,"column":20},"end":{"line":41,"column":71}},{"start":{"line":42,"column":20},"end":{"line":42,"column":29}}]},"2":{"line":44,"type":"binary-expr","locations":[{"start":{"line":44,"column":23},"end":{"line":44,"column":37}},{"start":{"line":45,"column":20},"end":{"line":45,"column":61}},{"start":{"line":46,"column":20},"end":{"line":46,"column":70}},{"start":{"line":47,"column":20},"end":{"line":47,"column":26}}]},"3":{"line":51,"type":"cond-expr","locations":[{"start":{"line":52,"column":14},"end":{"line":52,"column":20}},{"start":{"line":53,"column":14},"end":{"line":53,"column":20}}]},"4":{"line":55,"type":"binary-expr","locations":[{"start":{"line":55,"column":16},"end":{"line":55,"column":44}},{"start":{"line":55,"column":49},"end":{"line":57,"column":43}}]},"5":{"line":55,"type":"cond-expr","locations":[{"start":{"line":56,"column":14},"end":{"line":56,"column":60}},{"start":{"line":57,"column":14},"end":{"line":57,"column":43}}]},"6":{"line":61,"type":"switch","locations":[{"start":{"line":68,"column":4},"end":{"line":150,"column":14},"skip":true},{"start":{"line":156,"column":4},"end":{"line":323,"column":14},"skip":true}]},"7":{"line":70,"type":"if","locations":[{"start":{"line":70,"column":12},"end":{"line":70,"column":12},"skip":true},{"start":{"line":70,"column":12},"end":{"line":70,"column":12},"skip":true}]},"8":{"line":70,"type":"binary-expr","locations":[{"start":{"line":70,"column":16},"end":{"line":70,"column":22},"skip":true},{"start":{"line":70,"column":27},"end":{"line":70,"column":32},"skip":true},{"start":{"line":71,"column":20},"end":{"line":71,"column":39},"skip":true},{"start":{"line":72,"column":20},"end":{"line":72,"column":49},"skip":true},{"start":{"line":73,"column":20},"end":{"line":73,"column":58},"skip":true},{"start":{"line":74,"column":20},"end":{"line":74,"column":69},"skip":true}]},"9":{"line":79,"type":"switch","locations":[{"start":{"line":80,"column":20},"end":{"line":80,"column":33},"skip":true},{"start":{"line":81,"column":20},"end":{"line":83,"column":30},"skip":true},{"start":{"line":84,"column":20},"end":{"line":85,"column":49},"skip":true}]},"10":{"line":89,"type":"switch","locations":[{"start":{"line":90,"column":12},"end":{"line":103,"column":22},"skip":true},{"start":{"line":105,"column":12},"end":{"line":106,"column":22},"skip":true}]},"11":{"line":89,"type":"binary-expr","locations":[{"start":{"line":89,"column":20},"end":{"line":89,"column":25},"skip":true},{"start":{"line":89,"column":29},"end":{"line":89,"column":48},"skip":true},{"start":{"line":89,"column":52},"end":{"line":89,"column":74},"skip":true}]},"12":{"line":92,"type":"if","locations":[{"start":{"line":92,"column":16},"end":{"line":92,"column":16},"skip":true},{"start":{"line":92,"column":16},"end":{"line":92,"column":16},"skip":true}]},"13":{"line":108,"type":"if","locations":[{"start":{"line":108,"column":12},"end":{"line":108,"column":12},"skip":true},{"start":{"line":108,"column":12},"end":{"line":108,"column":12},"skip":true}]},"14":{"line":108,"type":"binary-expr","locations":[{"start":{"line":108,"column":16},"end":{"line":108,"column":61},"skip":true},{"start":{"line":108,"column":66},"end":{"line":108,"column":72},"skip":true},{"start":{"line":108,"column":77},"end":{"line":108,"column":82},"skip":true},{"start":{"line":109,"column":20},"end":{"line":109,"column":39},"skip":true},{"start":{"line":110,"column":20},"end":{"line":110,"column":49},"skip":true},{"start":{"line":111,"column":20},"end":{"line":111,"column":58},"skip":true},{"start":{"line":112,"column":20},"end":{"line":112,"column":68},"skip":true}]},"15":{"line":129,"type":"if","locations":[{"start":{"line":129,"column":16},"end":{"line":129,"column":16},"skip":true},{"start":{"line":129,"column":16},"end":{"line":129,"column":16},"skip":true}]},"16":{"line":134,"type":"cond-expr","locations":[{"start":{"line":135,"column":26},"end":{"line":135,"column":29},"skip":true},{"start":{"line":136,"column":26},"end":{"line":136,"column":54},"skip":true}]},"17":{"line":164,"type":"binary-expr","locations":[{"start":{"line":164,"column":27},"end":{"line":164,"column":43},"skip":true},{"start":{"line":164,"column":47},"end":{"line":164,"column":49},"skip":true}]},"18":{"line":258,"type":"if","locations":[{"start":{"line":258,"column":8},"end":{"line":258,"column":8},"skip":true},{"start":{"line":258,"column":8},"end":{"line":258,"column":8},"skip":true}]},"19":{"line":275,"type":"switch","locations":[{"start":{"line":276,"column":20},"end":{"line":277,"column":64},"skip":true},{"start":{"line":278,"column":20},"end":{"line":279,"column":40},"skip":true},{"start":{"line":280,"column":20},"end":{"line":281,"column":40},"skip":true},{"start":{"line":282,"column":20},"end":{"line":283,"column":39},"skip":true}]},"20":{"line":288,"type":"if","locations":[{"start":{"line":288,"column":8},"end":{"line":288,"column":8},"skip":true},{"start":{"line":288,"column":8},"end":{"line":288,"column":8},"skip":true}]},"21":{"line":288,"type":"binary-expr","locations":[{"start":{"line":288,"column":12},"end":{"line":288,"column":40},"skip":true},{"start":{"line":288,"column":44},"end":{"line":288,"column":67},"skip":true}]},"22":{"line":292,"type":"binary-expr","locations":[{"start":{"line":292,"column":12},"end":{"line":292,"column":50},"skip":true},{"start":{"line":293,"column":12},"end":{"line":293,"column":53},"skip":true}]},"23":{"line":295,"type":"binary-expr","locations":[{"start":{"line":295,"column":12},"end":{"line":295,"column":74},"skip":true},{"start":{"line":296,"column":12},"end":{"line":301,"column":36},"skip":true}]},"24":{"line":302,"type":"binary-expr","locations":[{"start":{"line":302,"column":43},"end":{"line":302,"column":75},"skip":true},{"start":{"line":302,"column":79},"end":{"line":302,"column":81},"skip":true}]},"25":{"line":305,"type":"if","locations":[{"start":{"line":305,"column":8},"end":{"line":305,"column":8},"skip":true},{"start":{"line":305,"column":8},"end":{"line":305,"column":8},"skip":true}]},"26":{"line":309,"type":"if","locations":[{"start":{"line":309,"column":8},"end":{"line":309,"column":8},"skip":true},{"start":{"line":309,"column":8},"end":{"line":309,"column":8},"skip":true}]},"27":{"line":312,"type":"binary-expr","locations":[{"start":{"line":312,"column":27},"end":{"line":312,"column":43},"skip":true},{"start":{"line":312,"column":47},"end":{"line":312,"column":53},"skip":true}]},"28":{"line":316,"type":"if","locations":[{"start":{"line":316,"column":12},"end":{"line":316,"column":12},"skip":true},{"start":{"line":316,"column":12},"end":{"line":316,"column":12},"skip":true}]}},"code":["/*","example.js","","quickstart example","","instruction","    1. save this script as example.js","    2. run the shell command:","        $ npm install npmtest-protocol-buffers && PORT=8081 node example.js","    3. play with the browser-demo on http://127.0.0.1:8081","*/","","","","/* istanbul instrument in package npmtest_protocol_buffers */","/*jslint","    bitwise: true,","    browser: true,","    maxerr: 8,","    maxlen: 96,","    node: true,","    nomen: true,","    regexp: true,","    stupid: true","*/","(function () {","    'use strict';","    var local;","","","","    // run shared js-env code - pre-init","    (function () {","        // init local","        local = {};","        // init modeJs","        local.modeJs = (function () {","            try {","                return typeof navigator.userAgent === 'string' &&","                    typeof document.querySelector('body') === 'object' &&","                    typeof XMLHttpRequest.prototype.open === 'function' &&","                    'browser';","            } catch (errorCaughtBrowser) {","                return module.exports &&","                    typeof process.versions.node === 'string' &&","                    typeof require('http').createServer === 'function' &&","                    'node';","            }","        }());","        // init global","        local.global = local.modeJs === 'browser'","            ? window","            : global;","        // init utility2_rollup","        local = local.global.utility2_rollup || (local.modeJs === 'browser'","            ? local.global.utility2_npmtest_protocol_buffers","            : global.utility2_moduleExports);","        // export local","        local.global.local = local;","    }());","    switch (local.modeJs) {","","","","    // post-init","    // run browser js-env code - post-init","    /* istanbul ignore next */","    case 'browser':","        local.testRunBrowser = function (event) {","            if (!event || (event &&","                    event.currentTarget &&","                    event.currentTarget.className &&","                    event.currentTarget.className.includes &&","                    event.currentTarget.className.includes('onreset'))) {","                // reset output","                Array.from(","                    document.querySelectorAll('body > .resettable')","                ).forEach(function (element) {","                    switch (element.tagName) {","                    case 'INPUT':","                    case 'TEXTAREA':","                        element.value = '';","                        break;","                    default:","                        element.textContent = '';","                    }","                });","            }","            switch (event && event.currentTarget && event.currentTarget.id) {","            case 'testRunButton1':","                // show tests","                if (document.querySelector('#testReportDiv1').style.display === 'none') {","                    document.querySelector('#testReportDiv1').style.display = 'block';","                    document.querySelector('#testRunButton1').textContent =","                        'hide internal test';","                    local.modeTest = true;","                    local.testRunDefault(local);","                // hide tests","                } else {","                    document.querySelector('#testReportDiv1').style.display = 'none';","                    document.querySelector('#testRunButton1').textContent = 'run internal test';","                }","                break;","            // custom-case","            default:","                break;","            }","            if (document.querySelector('#inputTextareaEval1') && (!event || (event &&","                    event.currentTarget &&","                    event.currentTarget.className &&","                    event.currentTarget.className.includes &&","                    event.currentTarget.className.includes('oneval')))) {","                // try to eval input-code","                try {","                    /*jslint evil: true*/","                    eval(document.querySelector('#inputTextareaEval1').value);","                } catch (errorCaught) {","                    console.error(errorCaught);","                }","            }","        };","        // log stderr and stdout to #outputTextareaStdout1","        ['error', 'log'].forEach(function (key) {","            console[key + '_original'] = console[key];","            console[key] = function () {","                var element;","                console[key + '_original'].apply(console, arguments);","                element = document.querySelector('#outputTextareaStdout1');","                if (!element) {","                    return;","                }","                // append text to #outputTextareaStdout1","                element.value += Array.from(arguments).map(function (arg) {","                    return typeof arg === 'string'","                        ? arg","                        : JSON.stringify(arg, null, 4);","                }).join(' ') + '\\n';","                // scroll textarea to bottom","                element.scrollTop = element.scrollHeight;","            };","        });","        // init event-handling","        ['change', 'click', 'keyup'].forEach(function (event) {","            Array.from(document.querySelectorAll('.on' + event)).forEach(function (element) {","                element.addEventListener(event, local.testRunBrowser);","            });","        });","        // run tests","        local.testRunBrowser();","        break;","","","","    // run node js-env code - post-init","    /* istanbul ignore next */","    case 'node':","        // export local","        module.exports = local;","        // require modules","        local.fs = require('fs');","        local.http = require('http');","        local.url = require('url');","        // init assets","        local.assetsDict = local.assetsDict || {};","        /* jslint-ignore-begin */","        local.assetsDict['/assets.index.template.html'] = '\\","<!doctype html>\\n\\","<html lang=\"en\">\\n\\","<head>\\n\\","<meta charset=\"UTF-8\">\\n\\","<meta name=\"viewport\" content=\"width=device-width, initial-scale=1\">\\n\\","<title>{{env.npm_package_name}} (v{{env.npm_package_version}})</title>\\n\\","<style>\\n\\","/*csslint\\n\\","    box-sizing: false,\\n\\","    universal-selector: false\\n\\","*/\\n\\","* {\\n\\","    box-sizing: border-box;\\n\\","}\\n\\","body {\\n\\","    background: #dde;\\n\\","    font-family: Arial, Helvetica, sans-serif;\\n\\","    margin: 2rem;\\n\\","}\\n\\","body > * {\\n\\","    margin-bottom: 1rem;\\n\\","}\\n\\",".utility2FooterDiv {\\n\\","    margin-top: 20px;\\n\\","    text-align: center;\\n\\","}\\n\\","</style>\\n\\","<style>\\n\\","/*csslint\\n\\","*/\\n\\","textarea {\\n\\","    font-family: monospace;\\n\\","    height: 10rem;\\n\\","    width: 100%;\\n\\","}\\n\\","textarea[readonly] {\\n\\","    background: #ddd;\\n\\","}\\n\\","</style>\\n\\","</head>\\n\\","<body>\\n\\","<!-- utility2-comment\\n\\","<div id=\"ajaxProgressDiv1\" style=\"background: #d00; height: 2px; left: 0; margin: 0; padding: 0; position: fixed; top: 0; transition: background 0.5s, width 1.5s; width: 25%;\"></div>\\n\\","utility2-comment -->\\n\\","<h1>\\n\\","<!-- utility2-comment\\n\\","    <a\\n\\","        {{#if env.npm_package_homepage}}\\n\\","        href=\"{{env.npm_package_homepage}}\"\\n\\","        {{/if env.npm_package_homepage}}\\n\\","        target=\"_blank\"\\n\\","    >\\n\\","utility2-comment -->\\n\\","        {{env.npm_package_name}} (v{{env.npm_package_version}})\\n\\","<!-- utility2-comment\\n\\","    </a>\\n\\","utility2-comment -->\\n\\","</h1>\\n\\","<h3>{{env.npm_package_description}}</h3>\\n\\","<!-- utility2-comment\\n\\","<h4><a download href=\"assets.app.js\">download standalone app</a></h4>\\n\\","<button class=\"onclick onreset\" id=\"testRunButton1\">run internal test</button><br>\\n\\","<div id=\"testReportDiv1\" style=\"display: none;\"></div>\\n\\","utility2-comment -->\\n\\","\\n\\","\\n\\","\\n\\","<label>stderr and stdout</label>\\n\\","<textarea class=\"resettable\" id=\"outputTextareaStdout1\" readonly></textarea>\\n\\","<!-- utility2-comment\\n\\","{{#if isRollup}}\\n\\","<script src=\"assets.app.js\"></script>\\n\\","{{#unless isRollup}}\\n\\","utility2-comment -->\\n\\","<script src=\"assets.utility2.rollup.js\"></script>\\n\\","<script src=\"jsonp.utility2._stateInit?callback=window.utility2._stateInit\"></script>\\n\\","<script src=\"assets.npmtest_protocol_buffers.rollup.js\"></script>\\n\\","<script src=\"assets.example.js\"></script>\\n\\","<script src=\"assets.test.js\"></script>\\n\\","<!-- utility2-comment\\n\\","{{/if isRollup}}\\n\\","utility2-comment -->\\n\\","<div class=\"utility2FooterDiv\">\\n\\","    [ this app was created with\\n\\","    <a href=\"https://github.com/kaizhu256/node-utility2\" target=\"_blank\">utility2</a>\\n\\","    ]\\n\\","</div>\\n\\","</body>\\n\\","</html>\\n\\","';","        /* jslint-ignore-end */","        if (local.templateRender) {","            local.assetsDict['/'] = local.templateRender(","                local.assetsDict['/assets.index.template.html'],","                {","                    env: local.objectSetDefault(local.env, {","                        npm_package_description: 'the greatest app in the world!',","                        npm_package_name: 'my-app',","                        npm_package_nameAlias: 'my_app',","                        npm_package_version: '0.0.1'","                    })","                }","            );","        } else {","            local.assetsDict['/'] = local.assetsDict['/assets.index.template.html']","                .replace((/\\{\\{env\\.(\\w+?)\\}\\}/g), function (match0, match1) {","                    // jslint-hack","                    String(match0);","                    switch (match1) {","                    case 'npm_package_description':","                        return 'the greatest app in the world!';","                    case 'npm_package_name':","                        return 'my-app';","                    case 'npm_package_nameAlias':","                        return 'my_app';","                    case 'npm_package_version':","                        return '0.0.1';","                    }","                });","        }","        // run the cli","        if (local.global.utility2_rollup || module !== require.main) {","            break;","        }","        local.assetsDict['/assets.example.js'] =","            local.assetsDict['/assets.example.js'] ||","            local.fs.readFileSync(__filename, 'utf8');","        local.assetsDict['/assets.npmtest_protocol_buffers.rollup.js'] =","            local.assetsDict['/assets.npmtest_protocol_buffers.rollup.js'] ||","            local.fs.readFileSync(","                // buildCustomOrg-hack","                local.npmtest_protocol_buffers.__dirname +","                    '/lib.npmtest_protocol_buffers.js',","                'utf8'","            ).replace((/^#!/), '//');","        local.assetsDict['/favicon.ico'] = local.assetsDict['/favicon.ico'] || '';","        // if $npm_config_timeout_exit exists,","        // then exit this process after $npm_config_timeout_exit ms","        if (Number(process.env.npm_config_timeout_exit)) {","            setTimeout(process.exit, Number(process.env.npm_config_timeout_exit));","        }","        // start server","        if (local.global.utility2_serverHttp1) {","            break;","        }","        process.env.PORT = process.env.PORT || '8081';","        console.error('server starting on port ' + process.env.PORT);","        local.http.createServer(function (request, response) {","            request.urlParsed = local.url.parse(request.url);","            if (local.assetsDict[request.urlParsed.pathname] !== undefined) {","                response.end(local.assetsDict[request.urlParsed.pathname]);","                return;","            }","            response.statusCode = 404;","            response.end();","        }).listen(process.env.PORT);","        break;","    }","}());",""],"l":{"26":2,"28":2,"33":2,"35":2,"37":2,"38":2,"39":2,"44":1,"51":2,"55":2,"59":2,"61":2,"69":1,"70":2,"76":2,"79":2,"82":2,"83":2,"85":1,"89":2,"92":1,"93":1,"94":1,"96":1,"97":1,"100":1,"101":1,"103":1,"106":1,"108":2,"114":1,"116":1,"118":1,"123":1,"124":2,"125":2,"126":2,"127":2,"128":2,"129":2,"130":1,"133":2,"134":2,"139":2,"143":1,"144":3,"145":1,"149":1,"150":1,"158":1,"160":1,"161":1,"162":1,"164":1,"166":1,"258":1,"259":1,"271":1,"274":6,"275":6,"277":1,"279":2,"281":1,"283":2,"288":1,"289":1,"291":1,"294":1,"302":1,"305":1,"306":1,"309":1,"310":1,"312":1,"313":1,"314":1,"315":1,"316":1,"317":1,"318":1,"320":1,"321":1,"323":1}},"/home/travis/build/npmtest/node-npmtest-protocol-buffers/node_modules/protocol-buffers/index.js":{"path":"/home/travis/build/npmtest/node-npmtest-protocol-buffers/node_modules/protocol-buffers/index.js","s":{"1":1,"2":1,"3":1,"4":0,"5":0,"6":0,"7":0,"8":0,"9":0,"10":1,"11":0,"12":0,"13":0,"14":0,"15":0,"16":0,"17":0,"18":0,"19":0,"20":0,"21":0,"22":0,"23":0,"24":0},"b":{"1":[0,0],"2":[0,0],"3":[0,0],"4":[0,0],"5":[0,0],"6":[0,0],"7":[0,0]},"f":{"1":0,"2":0,"3":0,"4":0,"5":0,"6":0,"7":0},"fnMap":{"1":{"name":"(anonymous_1)","line":4,"loc":{"start":{"line":4,"column":14},"end":{"line":4,"column":32}}},"2":{"name":"(anonymous_2)","line":7,"loc":{"start":{"line":7,"column":30},"end":{"line":7,"column":43}}},"3":{"name":"(anonymous_3)","line":13,"loc":{"start":{"line":13,"column":17},"end":{"line":13,"column":40}}},"4":{"name":"(anonymous_4)","line":20,"loc":{"start":{"line":20,"column":17},"end":{"line":20,"column":29}}},"5":{"name":"(anonymous_5)","line":23,"loc":{"start":{"line":23,"column":47},"end":{"line":23,"column":60}}},"6":{"name":"(anonymous_6)","line":28,"loc":{"start":{"line":28,"column":32},"end":{"line":28,"column":44}}},"7":{"name":"(anonymous_7)","line":32,"loc":{"start":{"line":32,"column":30},"end":{"line":32,"column":42}}}},"statementMap":{"1":{"start":{"line":1,"column":0},"end":{"line":1,"column":47}},"2":{"start":{"line":2,"column":0},"end":{"line":2,"column":34}},"3":{"start":{"line":4,"column":0},"end":{"line":11,"column":1}},"4":{"start":{"line":5,"column":2},"end":{"line":5,"column":26}},"5":{"start":{"line":5,"column":15},"end":{"line":5,"column":26}},"6":{"start":{"line":6,"column":2},"end":{"line":6,"column":17}},"7":{"start":{"line":7,"column":2},"end":{"line":9,"column":4}},"8":{"start":{"line":8,"column":4},"end":{"line":8,"column":31}},"9":{"start":{"line":10,"column":2},"end":{"line":10,"column":15}},"10":{"start":{"line":13,"column":0},"end":{"line":37,"column":1}},"11":{"start":{"line":14,"column":2},"end":{"line":14,"column":22}},"12":{"start":{"line":14,"column":13},"end":{"line":14,"column":22}},"13":{"start":{"line":15,"column":2},"end":{"line":15,"column":91}},"14":{"start":{"line":15,"column":14},"end":{"line":15,"column":91}},"15":{"start":{"line":17,"column":2},"end":{"line":17,"column":96}},"16":{"start":{"line":20,"column":2},"end":{"line":26,"column":3}},"17":{"start":{"line":21,"column":4},"end":{"line":21,"column":19}},"18":{"start":{"line":23,"column":4},"end":{"line":25,"column":6}},"19":{"start":{"line":24,"column":6},"end":{"line":24,"column":43}},"20":{"start":{"line":28,"column":2},"end":{"line":30,"column":3}},"21":{"start":{"line":29,"column":4},"end":{"line":29,"column":32}},"22":{"start":{"line":32,"column":2},"end":{"line":34,"column":3}},"23":{"start":{"line":33,"column":4},"end":{"line":33,"column":14}},"24":{"start":{"line":36,"column":2},"end":{"line":36,"column":23}}},"branchMap":{"1":{"line":5,"type":"if","locations":[{"start":{"line":5,"column":2},"end":{"line":5,"column":2}},{"start":{"line":5,"column":2},"end":{"line":5,"column":2}}]},"2":{"line":14,"type":"if","locations":[{"start":{"line":14,"column":2},"end":{"line":14,"column":2}},{"start":{"line":14,"column":2},"end":{"line":14,"column":2}}]},"3":{"line":15,"type":"if","locations":[{"start":{"line":15,"column":2},"end":{"line":15,"column":2}},{"start":{"line":15,"column":2},"end":{"line":15,"column":2}}]},"4":{"line":17,"type":"cond-expr","locations":[{"start":{"line":17,"column":69},"end":{"line":17,"column":74}},{"start":{"line":17,"column":77},"end":{"line":17,"column":96}}]},"5":{"line":17,"type":"binary-expr","locations":[{"start":{"line":17,"column":13},"end":{"line":17,"column":38}},{"start":{"line":17,"column":42},"end":{"line":17,"column":65}}]},"6":{"line":23,"type":"binary-expr","locations":[{"start":{"line":23,"column":17},"end":{"line":23,"column":31}},{"start":{"line":23,"column":35},"end":{"line":23,"column":37}}]},"7":{"line":24,"type":"binary-expr","locations":[{"start":{"line":24,"column":21},"end":{"line":24,"column":38}},{"start":{"line":24,"column":42},"end":{"line":24,"column":43}}]}},"code":["var schema = require('protocol-buffers-schema')","var compile = require('./compile')","","var flatten = function (values) {","  if (!values) return null","  var result = {}","  Object.keys(values).forEach(function (k) {","    result[k] = values[k].value","  })","  return result","}","","module.exports = function (proto, opts) {","  if (!opts) opts = {}","  if (!proto) throw new Error('Pass in a .proto string or a protobuf-schema parsed object')","","  var sch = (typeof proto === 'object' && !Buffer.isBuffer(proto)) ? proto : schema.parse(proto)","","  // to not make toString,toJSON enumarable we make a fire-and-forget prototype","  var Messages = function () {","    var self = this","","    compile(sch, opts.encodings || {}).forEach(function (m) {","      self[m.name] = flatten(m.values) || m","    })","  }","","  Messages.prototype.toString = function () {","    return schema.stringify(sch)","  }","","  Messages.prototype.toJSON = function () {","    return sch","  }","","  return new Messages()","}",""],"l":{"1":1,"2":1,"4":1,"5":0,"6":0,"7":0,"8":0,"10":0,"13":1,"14":0,"15":0,"17":0,"20":0,"21":0,"23":0,"24":0,"28":0,"29":0,"32":0,"33":0,"36":0}},"/home/travis/build/npmtest/node-npmtest-protocol-buffers/node_modules/protocol-buffers-schema/index.js":{"path":"/home/travis/build/npmtest/node-npmtest-protocol-buffers/node_modules/protocol-buffers-schema/index.js","s":{"1":1,"2":1,"3":1,"4":1,"5":1},"b":{},"f":{},"fnMap":{},"statementMap":{"1":{"start":{"line":1,"column":0},"end":{"line":1,"column":30}},"2":{"start":{"line":2,"column":0},"end":{"line":2,"column":38}},"3":{"start":{"line":4,"column":0},"end":{"line":4,"column":22}},"4":{"start":{"line":5,"column":0},"end":{"line":5,"column":28}},"5":{"start":{"line":6,"column":0},"end":{"line":6,"column":36}}},"branchMap":{},"code":["var parse = require('./parse')","var stringify = require('./stringify')","","module.exports = parse","module.exports.parse = parse","module.exports.stringify = stringify",""],"l":{"1":1,"2":1,"4":1,"5":1,"6":1}},"/home/travis/build/npmtest/node-npmtest-protocol-buffers/node_modules/protocol-buffers-schema/parse.js":{"path":"/home/travis/build/npmtest/node-npmtest-protocol-buffers/node_modules/protocol-buffers-schema/parse.js","s":{"1":1,"2":1,"3":1,"4":1,"5":0,"6":0,"7":0,"8":0,"9":0,"10":0,"11":0,"12":0,"13":0,"14":0,"15":0,"16":0,"17":0,"18":0,"19":0,"20":0,"21":0,"22":0,"23":0,"24":1,"25":0,"26":0,"27":0,"28":0,"29":0,"30":0,"31":0,"32":0,"33":0,"34":0,"35":0,"36":0,"37":0,"38":0,"39":0,"40":0,"41":0,"42":0,"43":0,"44":0,"45":0,"46":0,"47":0,"48":0,"49":0,"50":0,"51":0,"52":0,"53":0,"54":0,"55":0,"56":0,"57":0,"58":0,"59":0,"60":0,"61":0,"62":0,"63":0,"64":0,"65":1,"66":0,"67":0,"68":0,"69":0,"70":0,"71":0,"72":0,"73":0,"74":0,"75":0,"76":0,"77":0,"78":0,"79":0,"80":0,"81":0,"82":0,"83":0,"84":0,"85":0,"86":0,"87":0,"88":0,"89":0,"90":0,"91":0,"92":0,"93":0,"94":0,"95":0,"96":0,"97":0,"98":0,"99":0,"100":1,"101":0,"102":0,"103":1,"104":0,"105":0,"106":0,"107":0,"108":0,"109":0,"110":0,"111":0,"112":0,"113":0,"114":0,"115":0,"116":0,"117":0,"118":0,"119":1,"120":0,"121":0,"122":0,"123":0,"124":0,"125":0,"126":0,"127":0,"128":0,"129":0,"130":0,"131":0,"132":0,"133":0,"134":0,"135":0,"136":0,"137":0,"138":0,"139":0,"140":0,"141":0,"142":0,"143":0,"144":1,"145":0,"146":0,"147":0,"148":0,"149":0,"150":0,"151":1,"152":0,"153":0,"154":0,"155":0,"156":0,"157":0,"158":0,"159":0,"160":0,"161":0,"162":0,"163":0,"164":0,"165":0,"166":0,"167":1,"168":0,"169":0,"170":0,"171":0,"172":0,"173":0,"174":0,"175":0,"176":0,"177":0,"178":0,"179":0,"180":0,"181":0,"182":1,"183":0,"184":0,"185":0,"186":0,"187":0,"188":0,"189":0,"190":0,"191":0,"192":0,"193":0,"194":0,"195":0,"196":0,"197":0,"198":0,"199":0,"200":0,"201":0,"202":1,"203":0,"204":0,"205":0,"206":0,"207":0,"208":0,"209":0,"210":0,"211":0,"212":0,"213":0,"214":0,"215":0,"216":0,"217":0,"218":0,"219":0,"220":0,"221":0,"222":0,"223":0,"224":0,"225":0,"226":0,"227":0,"228":0,"229":0,"230":0,"231":0,"232":0,"233":0,"234":0,"235":0,"236":1,"237":0,"238":0,"239":0,"240":0,"241":0,"242":0,"243":0,"244":0,"245":0,"246":0,"247":0,"248":0,"249":0,"250":0,"251":0,"252":0,"253":0,"254":0,"255":0,"256":0,"257":0,"258":0,"259":0,"260":0,"261":0,"262":0,"263":0,"264":0,"265":0,"266":0,"267":0,"268":0,"269":0,"270":0,"271":0,"272":0,"273":0,"274":0,"275":0,"276":1,"277":0,"278":0,"279":0,"280":0,"281":0,"282":0,"283":1,"284":0,"285":0,"286":0,"287":0,"288":0,"289":0,"290":0,"291":0,"292":0,"293":0,"294":0,"295":0,"296":0,"297":0,"298":0,"299":0,"300":0,"301":0,"302":0,"303":0,"304":0,"305":1,"306":0,"307":0,"308":0,"309":0,"310":0,"311":0,"312":0,"313":0,"314":0,"315":0,"316":0,"317":0,"318":0,"319":0,"320":0,"321":0,"322":0,"323":0,"324":0,"325":0,"326":0,"327":0,"328":0,"329":0,"330":0,"331":0,"332":0,"333":0,"334":0,"335":0,"336":0,"337":0,"338":0,"339":0,"340":0,"341":0,"342":0,"343":0,"344":0,"345":0,"346":0,"347":0,"348":0,"349":0,"350":1,"351":0,"352":0,"353":0,"354":0,"355":0,"356":0,"357":0,"358":0,"359":0,"360":0,"361":0,"362":0,"363":0,"364":0,"365":0,"366":0,"367":0,"368":0,"369":0,"370":0,"371":0,"372":0,"373":0,"374":0,"375":0,"376":0,"377":0,"378":0,"379":0,"380":0,"381":0,"382":0,"383":0,"384":0,"385":0,"386":0,"387":0,"388":0,"389":0,"390":0,"391":0,"392":0,"393":0,"394":0,"395":0,"396":0,"397":0,"398":0,"399":0,"400":0,"401":0,"402":0,"403":0,"404":1,"405":0,"406":1,"407":0,"408":0,"409":0,"410":0,"411":0,"412":0,"413":0,"414":0,"415":0,"416":0,"417":0,"418":0,"419":0,"420":0,"421":0,"422":0,"423":0,"424":0,"425":0,"426":1},"b":{"1":[0,0,0,0],"2":[0,0],"3":[0,0],"4":[0,0],"5":[0,0,0,0,0,0,0,0],"6":[0,0],"7":[0,0],"8":[0,0],"9":[0,0],"10":[0,0],"11":[0,0],"12":[0,0,0,0,0,0,0,0,0,0,0,0,0],"13":[0,0],"14":[0,0],"15":[0,0],"16":[0,0],"17":[0,0],"18":[0,0],"19":[0,0],"20":[0,0],"21":[0,0],"22":[0,0],"23":[0,0],"24":[0,0],"25":[0,0],"26":[0,0,0],"27":[0,0],"28":[0,0],"29":[0,0],"30":[0,0],"31":[0,0],"32":[0,0],"33":[0,0],"34":[0,0],"35":[0,0],"36":[0,0],"37":[0,0],"38":[0,0],"39":[0,0],"40":[0,0,0],"41":[0,0],"42":[0,0],"43":[0,0],"44":[0,0],"45":[0,0],"46":[0,0],"47":[0,0],"48":[0,0],"49":[0,0],"50":[0,0],"51":[0,0],"52":[0,0],"53":[0,0],"54":[0,0,0],"55":[0,0],"56":[0,0],"57":[0,0],"58":[0,0],"59":[0,0],"60":[0,0],"61":[0,0],"62":[0,0],"63":[0,0,0],"64":[0,0],"65":[0,0],"66":[0,0],"67":[0,0],"68":[0,0],"69":[0,0],"70":[0,0],"71":[0,0],"72":[0,0],"73":[0,0],"74":[0,0],"75":[0,0],"76":[0,0],"77":[0,0],"78":[0,0],"79":[0,0],"80":[0,0],"81":[0,0,0,0,0,0,0,0,0],"82":[0,0],"83":[0,0],"84":[0,0],"85":[0,0],"86":[0,0],"87":[0,0,0],"88":[0,0],"89":[0,0],"90":[0,0],"91":[0,0],"92":[0,0],"93":[0,0],"94":[0,0],"95":[0,0],"96":[0,0],"97":[0,0,0]},"f":{"1":0,"2":0,"3":0,"4":0,"5":0,"6":0,"7":0,"8":0,"9":0,"10":0,"11":0,"12":0,"13":0,"14":0,"15":0,"16":0,"17":0,"18":0,"19":0,"20":0,"21":0,"22":0,"23":0,"24":0,"25":0,"26":0},"fnMap":{"1":{"name":"(anonymous_1)","line":16,"loc":{"start":{"line":16,"column":21},"end":{"line":16,"column":39}}},"2":{"name":"(anonymous_2)","line":46,"loc":{"start":{"line":46,"column":14},"end":{"line":46,"column":32}}},"3":{"name":"(anonymous_3)","line":109,"loc":{"start":{"line":109,"column":20},"end":{"line":109,"column":38}}},"4":{"name":"(anonymous_4)","line":181,"loc":{"start":{"line":181,"column":15},"end":{"line":181,"column":33}}},"5":{"name":"(anonymous_5)","line":189,"loc":{"start":{"line":189,"column":19},"end":{"line":189,"column":37}}},"6":{"name":"(anonymous_6)","line":201,"loc":{"start":{"line":201,"column":16},"end":{"line":201,"column":34}}},"7":{"name":"(anonymous_7)","line":238,"loc":{"start":{"line":238,"column":20},"end":{"line":238,"column":38}}},"8":{"name":"(anonymous_8)","line":246,"loc":{"start":{"line":246,"column":22},"end":{"line":246,"column":40}}},"9":{"name":"(anonymous_9)","line":272,"loc":{"start":{"line":272,"column":18},"end":{"line":272,"column":36}}},"10":{"name":"(anonymous_10)","line":295,"loc":{"start":{"line":295,"column":13},"end":{"line":295,"column":31}}},"11":{"name":"(anonymous_11)","line":326,"loc":{"start":{"line":326,"column":15},"end":{"line":326,"column":33}}},"12":{"name":"(anonymous_12)","line":330,"loc":{"start":{"line":330,"column":14},"end":{"line":330,"column":31}}},"13":{"name":"(anonymous_13)","line":375,"loc":{"start":{"line":375,"column":18},"end":{"line":375,"column":36}}},"14":{"name":"(anonymous_14)","line":376,"loc":{"start":{"line":376,"column":14},"end":{"line":376,"column":31}}},"15":{"name":"(anonymous_15)","line":435,"loc":{"start":{"line":435,"column":15},"end":{"line":435,"column":33}}},"16":{"name":"(anonymous_16)","line":445,"loc":{"start":{"line":445,"column":16},"end":{"line":445,"column":34}}},"17":{"name":"(anonymous_17)","line":482,"loc":{"start":{"line":482,"column":12},"end":{"line":482,"column":30}}},"18":{"name":"(anonymous_18)","line":551,"loc":{"start":{"line":551,"column":12},"end":{"line":551,"column":27}}},"19":{"name":"(anonymous_19)","line":629,"loc":{"start":{"line":629,"column":25},"end":{"line":629,"column":40}}},"20":{"name":"(anonymous_20)","line":630,"loc":{"start":{"line":630,"column":28},"end":{"line":630,"column":43}}},"21":{"name":"(anonymous_21)","line":632,"loc":{"start":{"line":632,"column":35},"end":{"line":632,"column":52}}},"22":{"name":"(anonymous_22)","line":642,"loc":{"start":{"line":642,"column":26},"end":{"line":642,"column":41}}},"23":{"name":"(anonymous_23)","line":643,"loc":{"start":{"line":643,"column":23},"end":{"line":643,"column":40}}},"24":{"name":"enumNameIsFieldType","line":649,"loc":{"start":{"line":649,"column":6},"end":{"line":649,"column":40}}},"25":{"name":"enumNameIsNestedEnumName","line":653,"loc":{"start":{"line":653,"column":6},"end":{"line":653,"column":45}}},"26":{"name":"(anonymous_26)","line":673,"loc":{"start":{"line":673,"column":33},"end":{"line":673,"column":48}}}},"statementMap":{"1":{"start":{"line":1,"column":0},"end":{"line":1,"column":36}},"2":{"start":{"line":2,"column":0},"end":{"line":2,"column":26}},"3":{"start":{"line":6,"column":0},"end":{"line":14,"column":1}},"4":{"start":{"line":16,"column":0},"end":{"line":44,"column":1}},"5":{"start":{"line":17,"column":2},"end":{"line":17,"column":15}},"6":{"start":{"line":19,"column":2},"end":{"line":41,"column":3}},"7":{"start":{"line":20,"column":4},"end":{"line":40,"column":5}},"8":{"start":{"line":23,"column":8},"end":{"line":23,"column":22}},"9":{"start":{"line":24,"column":8},"end":{"line":24,"column":33}},"10":{"start":{"line":25,"column":8},"end":{"line":28,"column":9}},"11":{"start":{"line":26,"column":10},"end":{"line":26,"column":31}},"12":{"start":{"line":27,"column":10},"end":{"line":27,"column":24}},"13":{"start":{"line":29,"column":8},"end":{"line":29,"column":97}},"14":{"start":{"line":29,"column":31},"end":{"line":29,"column":97}},"15":{"start":{"line":30,"column":8},"end":{"line":30,"column":22}},"16":{"start":{"line":31,"column":8},"end":{"line":31,"column":78}},"17":{"start":{"line":31,"column":31},"end":{"line":31,"column":78}},"18":{"start":{"line":32,"column":8},"end":{"line":32,"column":35}},"19":{"start":{"line":33,"column":8},"end":{"line":33,"column":13}},"20":{"start":{"line":35,"column":8},"end":{"line":35,"column":22}},"21":{"start":{"line":36,"column":8},"end":{"line":36,"column":19}},"22":{"start":{"line":39,"column":8},"end":{"line":39,"column":74}},"23":{"start":{"line":43,"column":2},"end":{"line":43,"column":53}},"24":{"start":{"line":46,"column":0},"end":{"line":107,"column":1}},"25":{"start":{"line":47,"column":2},"end":{"line":56,"column":3}},"26":{"start":{"line":58,"column":2},"end":{"line":104,"column":3}},"27":{"start":{"line":59,"column":4},"end":{"line":103,"column":5}},"28":{"start":{"line":61,"column":8},"end":{"line":61,"column":22}},"29":{"start":{"line":62,"column":8},"end":{"line":62,"column":42}},"30":{"start":{"line":63,"column":8},"end":{"line":63,"column":13}},"31":{"start":{"line":66,"column":8},"end":{"line":66,"column":26}},"32":{"start":{"line":67,"column":8},"end":{"line":67,"column":42}},"33":{"start":{"line":68,"column":8},"end":{"line":68,"column":22}},"34":{"start":{"line":69,"column":8},"end":{"line":69,"column":92}},"35":{"start":{"line":69,"column":31},"end":{"line":69,"column":92}},"36":{"start":{"line":70,"column":8},"end":{"line":70,"column":22}},"37":{"start":{"line":71,"column":8},"end":{"line":71,"column":39}},"38":{"start":{"line":72,"column":8},"end":{"line":72,"column":92}},"39":{"start":{"line":72,"column":31},"end":{"line":72,"column":92}},"40":{"start":{"line":73,"column":8},"end":{"line":73,"column":22}},"41":{"start":{"line":74,"column":8},"end":{"line":74,"column":37}},"42":{"start":{"line":75,"column":8},"end":{"line":75,"column":92}},"43":{"start":{"line":75,"column":31},"end":{"line":75,"column":92}},"44":{"start":{"line":76,"column":8},"end":{"line":76,"column":22}},"45":{"start":{"line":77,"column":8},"end":{"line":77,"column":35}},"46":{"start":{"line":78,"column":8},"end":{"line":78,"column":13}},"47":{"start":{"line":83,"column":8},"end":{"line":83,"column":30}},"48":{"start":{"line":84,"column":8},"end":{"line":84,"column":41}},"49":{"start":{"line":85,"column":8},"end":{"line":85,"column":41}},"50":{"start":{"line":86,"column":8},"end":{"line":86,"column":35}},"51":{"start":{"line":87,"column":8},"end":{"line":87,"column":35}},"52":{"start":{"line":88,"column":8},"end":{"line":88,"column":13}},"53":{"start":{"line":91,"column":8},"end":{"line":91,"column":46}},"54":{"start":{"line":92,"column":8},"end":{"line":92,"column":13}},"55":{"start":{"line":95,"column":8},"end":{"line":95,"column":70}},"56":{"start":{"line":95,"column":33},"end":{"line":95,"column":70}},"57":{"start":{"line":96,"column":8},"end":{"line":96,"column":96}},"58":{"start":{"line":96,"column":33},"end":{"line":96,"column":96}},"59":{"start":{"line":97,"column":8},"end":{"line":97,"column":99}},"60":{"start":{"line":97,"column":30},"end":{"line":97,"column":99}},"61":{"start":{"line":98,"column":8},"end":{"line":98,"column":22}},"62":{"start":{"line":99,"column":8},"end":{"line":99,"column":20}},"63":{"start":{"line":102,"column":8},"end":{"line":102,"column":74}},"64":{"start":{"line":106,"column":2},"end":{"line":106,"column":49}},"65":{"start":{"line":109,"column":0},"end":{"line":179,"column":1}},"66":{"start":{"line":110,"column":2},"end":{"line":116,"column":3}},"67":{"start":{"line":118,"column":2},"end":{"line":176,"column":3}},"68":{"start":{"line":119,"column":4},"end":{"line":175,"column":5}},"69":{"start":{"line":124,"column":8},"end":{"line":124,"column":41}},"70":{"start":{"line":125,"column":8},"end":{"line":125,"column":13}},"71":{"start":{"line":128,"column":8},"end":{"line":128,"column":39}},"72":{"start":{"line":129,"column":8},"end":{"line":129,"column":13}},"73":{"start":{"line":132,"column":8},"end":{"line":132,"column":45}},"74":{"start":{"line":133,"column":8},"end":{"line":133,"column":13}},"75":{"start":{"line":136,"column":8},"end":{"line":136,"column":46}},"76":{"start":{"line":137,"column":8},"end":{"line":137,"column":13}},"77":{"start":{"line":140,"column":8},"end":{"line":140,"column":22}},"78":{"start":{"line":141,"column":8},"end":{"line":141,"column":33}},"79":{"start":{"line":142,"column":8},"end":{"line":142,"column":89}},"80":{"start":{"line":142,"column":31},"end":{"line":142,"column":89}},"81":{"start":{"line":143,"column":8},"end":{"line":143,"column":22}},"82":{"start":{"line":144,"column":8},"end":{"line":149,"column":9}},"83":{"start":{"line":145,"column":10},"end":{"line":145,"column":36}},"84":{"start":{"line":146,"column":10},"end":{"line":146,"column":37}},"85":{"start":{"line":147,"column":10},"end":{"line":147,"column":28}},"86":{"start":{"line":148,"column":10},"end":{"line":148,"column":33}},"87":{"start":{"line":150,"column":8},"end":{"line":150,"column":22}},"88":{"start":{"line":151,"column":8},"end":{"line":151,"column":13}},"89":{"start":{"line":154,"column":8},"end":{"line":154,"column":43}},"90":{"start":{"line":155,"column":8},"end":{"line":155,"column":13}},"91":{"start":{"line":158,"column":8},"end":{"line":158,"column":22}},"92":{"start":{"line":159,"column":8},"end":{"line":159,"column":13}},"93":{"start":{"line":163,"column":8},"end":{"line":163,"column":22}},"94":{"start":{"line":164,"column":8},"end":{"line":166,"column":9}},"95":{"start":{"line":165,"column":10},"end":{"line":165,"column":24}},"96":{"start":{"line":167,"column":8},"end":{"line":167,"column":13}},"97":{"start":{"line":173,"column":8},"end":{"line":173,"column":34}},"98":{"start":{"line":174,"column":8},"end":{"line":174,"column":41}},"99":{"start":{"line":178,"column":2},"end":{"line":178,"column":13}},"100":{"start":{"line":181,"column":0},"end":{"line":187,"column":1}},"101":{"start":{"line":182,"column":2},"end":{"line":185,"column":3}},"102":{"start":{"line":186,"column":2},"end":{"line":186,"column":12}},"103":{"start":{"line":189,"column":0},"end":{"line":200,"column":1}},"104":{"start":{"line":190,"column":2},"end":{"line":190,"column":16}},"105":{"start":{"line":191,"column":2},"end":{"line":191,"column":35}},"106":{"start":{"line":192,"column":2},"end":{"line":192,"column":75}},"107":{"start":{"line":192,"column":19},"end":{"line":192,"column":75}},"108":{"start":{"line":193,"column":2},"end":{"line":193,"column":96}},"109":{"start":{"line":193,"column":31},"end":{"line":193,"column":96}},"110":{"start":{"line":194,"column":2},"end":{"line":194,"column":25}},"111":{"start":{"line":195,"column":2},"end":{"line":195,"column":34}},"112":{"start":{"line":195,"column":20},"end":{"line":195,"column":34}},"113":{"start":{"line":196,"column":2},"end":{"line":196,"column":17}},"114":{"start":{"line":197,"column":2},"end":{"line":197,"column":71}},"115":{"start":{"line":197,"column":17},"end":{"line":197,"column":71}},"116":{"start":{"line":198,"column":2},"end":{"line":198,"column":83}},"117":{"start":{"line":198,"column":30},"end":{"line":198,"column":83}},"118":{"start":{"line":199,"column":2},"end":{"line":199,"column":29}},"119":{"start":{"line":201,"column":0},"end":{"line":236,"column":1}},"120":{"start":{"line":202,"column":2},"end":{"line":202,"column":16}},"121":{"start":{"line":204,"column":2},"end":{"line":204,"column":13}},"122":{"start":{"line":205,"column":2},"end":{"line":205,"column":15}},"123":{"start":{"line":206,"column":2},"end":{"line":212,"column":3}},"124":{"start":{"line":214,"column":2},"end":{"line":214,"column":77}},"125":{"start":{"line":214,"column":25},"end":{"line":214,"column":77}},"126":{"start":{"line":215,"column":2},"end":{"line":215,"column":16}},"127":{"start":{"line":217,"column":2},"end":{"line":233,"column":3}},"128":{"start":{"line":218,"column":4},"end":{"line":219,"column":37}},"129":{"start":{"line":218,"column":27},"end":{"line":218,"column":32}},"130":{"start":{"line":219,"column":9},"end":{"line":219,"column":37}},"131":{"start":{"line":219,"column":32},"end":{"line":219,"column":37}},"132":{"start":{"line":221,"column":4},"end":{"line":230,"column":5}},"133":{"start":{"line":222,"column":6},"end":{"line":222,"column":20}},"134":{"start":{"line":223,"column":6},"end":{"line":223,"column":32}},"135":{"start":{"line":224,"column":6},"end":{"line":224,"column":28}},"136":{"start":{"line":225,"column":6},"end":{"line":225,"column":34}},"137":{"start":{"line":226,"column":6},"end":{"line":226,"column":30}},"138":{"start":{"line":227,"column":6},"end":{"line":227,"column":32}},"139":{"start":{"line":228,"column":6},"end":{"line":228,"column":38}},"140":{"start":{"line":229,"column":6},"end":{"line":229,"column":16}},"141":{"start":{"line":232,"column":4},"end":{"line":232,"column":29}},"142":{"start":{"line":235,"column":2},"end":{"line":235,"column":56}},"143":{"start":{"line":235,"column":11},"end":{"line":235,"column":56}},"144":{"start":{"line":238,"column":0},"end":{"line":244,"column":1}},"145":{"start":{"line":239,"column":2},"end":{"line":239,"column":16}},"146":{"start":{"line":240,"column":2},"end":{"line":240,"column":27}},"147":{"start":{"line":241,"column":2},"end":{"line":241,"column":77}},"148":{"start":{"line":241,"column":25},"end":{"line":241,"column":77}},"149":{"start":{"line":242,"column":2},"end":{"line":242,"column":16}},"150":{"start":{"line":243,"column":2},"end":{"line":243,"column":13}},"151":{"start":{"line":246,"column":0},"end":{"line":270,"column":1}},"152":{"start":{"line":247,"column":2},"end":{"line":247,"column":16}},"153":{"start":{"line":249,"column":2},"end":{"line":249,"column":77}},"154":{"start":{"line":249,"column":25},"end":{"line":249,"column":77}},"155":{"start":{"line":250,"column":2},"end":{"line":250,"column":16}},"156":{"start":{"line":252,"column":2},"end":{"line":252,"column":30}},"157":{"start":{"line":253,"column":2},"end":{"line":264,"column":3}},"158":{"start":{"line":255,"column":6},"end":{"line":255,"column":17}},"159":{"start":{"line":256,"column":6},"end":{"line":256,"column":11}},"160":{"start":{"line":259,"column":6},"end":{"line":259,"column":17}},"161":{"start":{"line":260,"column":6},"end":{"line":260,"column":11}},"162":{"start":{"line":263,"column":6},"end":{"line":263,"column":78}},"163":{"start":{"line":266,"column":2},"end":{"line":266,"column":77}},"164":{"start":{"line":266,"column":25},"end":{"line":266,"column":77}},"165":{"start":{"line":267,"column":2},"end":{"line":267,"column":16}},"166":{"start":{"line":269,"column":2},"end":{"line":269,"column":16}},"167":{"start":{"line":272,"column":0},"end":{"line":293,"column":1}},"168":{"start":{"line":273,"column":2},"end":{"line":273,"column":95}},"169":{"start":{"line":273,"column":25},"end":{"line":273,"column":95}},"170":{"start":{"line":274,"column":2},"end":{"line":274,"column":77}},"171":{"start":{"line":274,"column":25},"end":{"line":274,"column":77}},"172":{"start":{"line":275,"column":2},"end":{"line":275,"column":103}},"173":{"start":{"line":275,"column":46},"end":{"line":275,"column":103}},"174":{"start":{"line":277,"column":2},"end":{"line":277,"column":27}},"175":{"start":{"line":278,"column":2},"end":{"line":278,"column":16}},"176":{"start":{"line":279,"column":2},"end":{"line":282,"column":3}},"177":{"start":{"line":283,"column":2},"end":{"line":283,"column":36}},"178":{"start":{"line":284,"column":2},"end":{"line":286,"column":3}},"179":{"start":{"line":285,"column":4},"end":{"line":285,"column":40}},"180":{"start":{"line":287,"column":2},"end":{"line":287,"column":16}},"181":{"start":{"line":289,"column":2},"end":{"line":292,"column":3}},"182":{"start":{"line":295,"column":0},"end":{"line":324,"column":1}},"183":{"start":{"line":296,"column":2},"end":{"line":296,"column":16}},"184":{"start":{"line":297,"column":2},"end":{"line":297,"column":18}},"185":{"start":{"line":298,"column":2},"end":{"line":302,"column":3}},"186":{"start":{"line":304,"column":2},"end":{"line":304,"column":77}},"187":{"start":{"line":304,"column":25},"end":{"line":304,"column":77}},"188":{"start":{"line":305,"column":2},"end":{"line":305,"column":16}},"189":{"start":{"line":307,"column":2},"end":{"line":321,"column":3}},"190":{"start":{"line":308,"column":4},"end":{"line":313,"column":5}},"191":{"start":{"line":309,"column":6},"end":{"line":309,"column":20}},"192":{"start":{"line":311,"column":6},"end":{"line":311,"column":43}},"193":{"start":{"line":311,"column":29},"end":{"line":311,"column":43}},"194":{"start":{"line":312,"column":6},"end":{"line":312,"column":14}},"195":{"start":{"line":314,"column":4},"end":{"line":318,"column":5}},"196":{"start":{"line":315,"column":6},"end":{"line":315,"column":32}},"197":{"start":{"line":316,"column":6},"end":{"line":316,"column":45}},"198":{"start":{"line":317,"column":6},"end":{"line":317,"column":14}},"199":{"start":{"line":319,"column":4},"end":{"line":319,"column":33}},"200":{"start":{"line":320,"column":4},"end":{"line":320,"column":32}},"201":{"start":{"line":323,"column":2},"end":{"line":323,"column":44}},"202":{"start":{"line":326,"column":0},"end":{"line":373,"column":1}},"203":{"start":{"line":327,"column":2},"end":{"line":327,"column":17}},"204":{"start":{"line":328,"column":2},"end":{"line":328,"column":18}},"205":{"start":{"line":330,"column":2},"end":{"line":334,"column":3}},"206":{"start":{"line":331,"column":4},"end":{"line":331,"column":37}},"207":{"start":{"line":331,"column":26},"end":{"line":331,"column":37}},"208":{"start":{"line":332,"column":4},"end":{"line":332,"column":39}},"209":{"start":{"line":332,"column":27},"end":{"line":332,"column":39}},"210":{"start":{"line":333,"column":4},"end":{"line":333,"column":41}},"211":{"start":{"line":336,"column":2},"end":{"line":372,"column":3}},"212":{"start":{"line":337,"column":4},"end":{"line":340,"column":5}},"213":{"start":{"line":338,"column":6},"end":{"line":338,"column":20}},"214":{"start":{"line":339,"column":6},"end":{"line":339,"column":39}},"215":{"start":{"line":341,"column":4},"end":{"line":371,"column":5}},"216":{"start":{"line":343,"column":8},"end":{"line":343,"column":22}},"217":{"start":{"line":345,"column":8},"end":{"line":345,"column":42}},"218":{"start":{"line":346,"column":8},"end":{"line":346,"column":38}},"219":{"start":{"line":346,"column":24},"end":{"line":346,"column":38}},"220":{"start":{"line":348,"column":8},"end":{"line":348,"column":29}},"221":{"start":{"line":350,"column":8},"end":{"line":353,"column":9}},"222":{"start":{"line":351,"column":10},"end":{"line":351,"column":85}},"223":{"start":{"line":351,"column":33},"end":{"line":351,"column":85}},"224":{"start":{"line":352,"column":10},"end":{"line":352,"column":24}},"225":{"start":{"line":354,"column":8},"end":{"line":354,"column":13}},"226":{"start":{"line":357,"column":8},"end":{"line":357,"column":22}},"227":{"start":{"line":358,"column":8},"end":{"line":358,"column":94}},"228":{"start":{"line":358,"column":27},"end":{"line":358,"column":94}},"229":{"start":{"line":359,"column":8},"end":{"line":359,"column":37}},"230":{"start":{"line":361,"column":8},"end":{"line":366,"column":9}},"231":{"start":{"line":362,"column":10},"end":{"line":362,"column":79}},"232":{"start":{"line":363,"column":15},"end":{"line":366,"column":9}},"233":{"start":{"line":365,"column":10},"end":{"line":365,"column":37}},"234":{"start":{"line":367,"column":8},"end":{"line":367,"column":13}},"235":{"start":{"line":370,"column":8},"end":{"line":370,"column":67}},"236":{"start":{"line":375,"column":0},"end":{"line":433,"column":1}},"237":{"start":{"line":376,"column":2},"end":{"line":380,"column":3}},"238":{"start":{"line":377,"column":4},"end":{"line":377,"column":37}},"239":{"start":{"line":377,"column":26},"end":{"line":377,"column":37}},"2
[...]
"column":43}},"37":{"start":{"line":64,"column":2},"end":{"line":76,"column":3}},"38":{"start":{"line":65,"column":4},"end":{"line":65,"column":26}},"39":{"start":{"line":66,"column":4},"end":{"line":66,"column":36}},"40":{"start":{"line":68,"column":4},"end":{"line":68,"column":47}},"41":{"start":{"line":69,"column":4},"end":{"line":69,"column":33}},"42":{"start":{"line":71,"column":4},"end":{"line":71,"column":34}},"43":{"start":{"line":72,"column":4},"end":{"line":72,"column":17}},"44":{"start":{"line":74,"column":4},"end":{"line":74,"column":37}},"45":{"start":{"line":75,"column":4},"end":{"line":75,"column":17}},"46":{"start":{"line":78,"column":2},"end":{"line":89,"column":3}},"47":{"start":{"line":79,"column":4},"end":{"line":79,"column":26}},"48":{"start":{"line":81,"column":4},"end":{"line":81,"column":43}},"49":{"start":{"line":82,"column":4},"end":{"line":82,"column":33}},"50":{"start":{"line":84,"column":4},"end":{"line":84,"column":60}},"51":{"start":{"line":85,"column":4},"end":{"line":85,"column":17}},"52":{"start":{"line":87,"column":4},"end":{"line":87,"column":37}},"53":{"start":{"line":88,"column":4},"end":{"line":88,"column":14}},"54":{"start":{"line":91,"column":2},"end":{"line":91,"column":51}},"55":{"start":{"line":94,"column":0},"end":{"line":112,"column":4}},"56":{"start":{"line":95,"column":2},"end":{"line":97,"column":3}},"57":{"start":{"line":96,"column":4},"end":{"line":96,"column":12}},"58":{"start":{"line":99,"column":2},"end":{"line":103,"column":3}},"59":{"start":{"line":100,"column":4},"end":{"line":100,"column":32}},"60":{"start":{"line":101,"column":4},"end":{"line":101,"column":20}},"61":{"start":{"line":102,"column":4},"end":{"line":102,"column":17}},"62":{"start":{"line":105,"column":2},"end":{"line":109,"column":3}},"63":{"start":{"line":106,"column":4},"end":{"line":106,"column":33}},"64":{"start":{"line":107,"column":4},"end":{"line":107,"column":20}},"65":{"start":{"line":108,"column":4},"end":{"line":108,"column":15}},"66":{"start":{"line":111,"column":2},"end":{"line":111,"column":51}},"67":{"start":{"line":114,"column":0},"end":{"line":132,"column":4}},"68":{"start":{"line":115,"column":2},"end":{"line":119,"column":3}},"69":{"start":{"line":116,"column":4},"end":{"line":116,"column":43}},"70":{"start":{"line":117,"column":4},"end":{"line":117,"column":38}},"71":{"start":{"line":118,"column":4},"end":{"line":118,"column":52}},"72":{"start":{"line":121,"column":2},"end":{"line":125,"column":3}},"73":{"start":{"line":122,"column":4},"end":{"line":122,"column":67}},"74":{"start":{"line":123,"column":4},"end":{"line":123,"column":38}},"75":{"start":{"line":124,"column":4},"end":{"line":124,"column":17}},"76":{"start":{"line":127,"column":2},"end":{"line":129,"column":3}},"77":{"start":{"line":128,"column":4},"end":{"line":128,"column":66}},"78":{"start":{"line":131,"column":2},"end":{"line":131,"column":58}},"79":{"start":{"line":134,"column":0},"end":{"line":176,"column":4}},"80":{"start":{"line":135,"column":2},"end":{"line":150,"column":3}},"81":{"start":{"line":136,"column":4},"end":{"line":136,"column":43}},"82":{"start":{"line":137,"column":4},"end":{"line":148,"column":5}},"83":{"start":{"line":138,"column":6},"end":{"line":138,"column":19}},"84":{"start":{"line":139,"column":6},"end":{"line":139,"column":57}},"85":{"start":{"line":139,"column":50},"end":{"line":139,"column":57}},"86":{"start":{"line":140,"column":6},"end":{"line":140,"column":24}},"87":{"start":{"line":141,"column":6},"end":{"line":141,"column":36}},"88":{"start":{"line":142,"column":6},"end":{"line":142,"column":52}},"89":{"start":{"line":143,"column":6},"end":{"line":143,"column":50}},"90":{"start":{"line":144,"column":6},"end":{"line":144,"column":41}},"91":{"start":{"line":145,"column":6},"end":{"line":145,"column":23}},"92":{"start":{"line":147,"column":6},"end":{"line":147,"column":40}},"93":{"start":{"line":149,"column":4},"end":{"line":149,"column":14}},"94":{"start":{"line":152,"column":2},"end":{"line":169,"column":3}},"95":{"start":{"line":153,"column":4},"end":{"line":167,"column":5}},"96":{"start":{"line":154,"column":6},"end":{"line":154,"column":27}},"97":{"start":{"line":155,"column":6},"end":{"line":155,"column":45}},"98":{"start":{"line":156,"column":6},"end":{"line":156,"column":39}},"99":{"start":{"line":157,"column":6},"end":{"line":157,"column":44}},"100":{"start":{"line":158,"column":6},"end":{"line":161,"column":7}},"101":{"start":{"line":159,"column":8},"end":{"line":159,"column":16}},"102":{"start":{"line":160,"column":8},"end":{"line":160,"column":29}},"103":{"start":{"line":162,"column":6},"end":{"line":162,"column":25}},"104":{"start":{"line":163,"column":6},"end":{"line":163,"column":23}},"105":{"start":{"line":165,"column":6},"end":{"line":165,"column":40}},"106":{"start":{"line":166,"column":6},"end":{"line":166,"column":40}},"107":{"start":{"line":168,"column":4},"end":{"line":168,"column":17}},"108":{"start":{"line":171,"column":2},"end":{"line":173,"column":3}},"109":{"start":{"line":172,"column":4},"end":{"line":172,"column":52}},"110":{"start":{"line":175,"column":2},"end":{"line":175,"column":51}},"111":{"start":{"line":178,"column":0},"end":{"line":181,"column":4}},"112":{"start":{"line":180,"column":2},"end":{"line":180,"column":75}},"113":{"start":{"line":183,"column":0},"end":{"line":188,"column":4}},"114":{"start":{"line":187,"column":2},"end":{"line":187,"column":72}},"115":{"start":{"line":191,"column":0},"end":{"line":210,"column":4}},"116":{"start":{"line":193,"column":2},"end":{"line":195,"column":3}},"117":{"start":{"line":194,"column":4},"end":{"line":194,"column":12}},"118":{"start":{"line":197,"column":2},"end":{"line":201,"column":3}},"119":{"start":{"line":198,"column":4},"end":{"line":198,"column":28}},"120":{"start":{"line":199,"column":4},"end":{"line":199,"column":20}},"121":{"start":{"line":200,"column":4},"end":{"line":200,"column":17}},"122":{"start":{"line":203,"column":2},"end":{"line":207,"column":3}},"123":{"start":{"line":204,"column":4},"end":{"line":204,"column":46}},"124":{"start":{"line":205,"column":4},"end":{"line":205,"column":20}},"125":{"start":{"line":206,"column":4},"end":{"line":206,"column":14}},"126":{"start":{"line":209,"column":2},"end":{"line":209,"column":51}},"127":{"start":{"line":212,"column":0},"end":{"line":230,"column":4}},"128":{"start":{"line":213,"column":2},"end":{"line":215,"column":3}},"129":{"start":{"line":214,"column":4},"end":{"line":214,"column":12}},"130":{"start":{"line":217,"column":2},"end":{"line":221,"column":3}},"131":{"start":{"line":218,"column":4},"end":{"line":218,"column":37}},"132":{"start":{"line":219,"column":4},"end":{"line":219,"column":20}},"133":{"start":{"line":220,"column":4},"end":{"line":220,"column":17}},"134":{"start":{"line":223,"column":2},"end":{"line":227,"column":3}},"135":{"start":{"line":224,"column":4},"end":{"line":224,"column":41}},"136":{"start":{"line":225,"column":4},"end":{"line":225,"column":20}},"137":{"start":{"line":226,"column":4},"end":{"line":226,"column":14}},"138":{"start":{"line":229,"column":2},"end":{"line":229,"column":51}},"139":{"start":{"line":232,"column":0},"end":{"line":250,"column":4}},"140":{"start":{"line":233,"column":2},"end":{"line":235,"column":3}},"141":{"start":{"line":234,"column":4},"end":{"line":234,"column":12}},"142":{"start":{"line":237,"column":2},"end":{"line":241,"column":3}},"143":{"start":{"line":238,"column":4},"end":{"line":238,"column":37}},"144":{"start":{"line":239,"column":4},"end":{"line":239,"column":20}},"145":{"start":{"line":240,"column":4},"end":{"line":240,"column":17}},"146":{"start":{"line":243,"column":2},"end":{"line":247,"column":3}},"147":{"start":{"line":244,"column":4},"end":{"line":244,"column":41}},"148":{"start":{"line":245,"column":4},"end":{"line":245,"column":20}},"149":{"start":{"line":246,"column":4},"end":{"line":246,"column":14}},"150":{"start":{"line":249,"column":2},"end":{"line":249,"column":51}},"151":{"start":{"line":252,"column":0},"end":{"line":270,"column":4}},"152":{"start":{"line":253,"column":2},"end":{"line":255,"column":3}},"153":{"start":{"line":254,"column":4},"end":{"line":254,"column":12}},"154":{"start":{"line":257,"column":2},"end":{"line":261,"column":3}},"155":{"start":{"line":258,"column":4},"end":{"line":258,"column":36}},"156":{"start":{"line":259,"column":4},"end":{"line":259,"column":20}},"157":{"start":{"line":260,"column":4},"end":{"line":260,"column":17}},"158":{"start":{"line":263,"column":2},"end":{"line":267,"column":3}},"159":{"start":{"line":264,"column":4},"end":{"line":264,"column":40}},"160":{"start":{"line":265,"column":4},"end":{"line":265,"column":20}},"161":{"start":{"line":266,"column":4},"end":{"line":266,"column":14}},"162":{"start":{"line":269,"column":2},"end":{"line":269,"column":51}},"163":{"start":{"line":272,"column":0},"end":{"line":290,"column":4}},"164":{"start":{"line":273,"column":2},"end":{"line":275,"column":3}},"165":{"start":{"line":274,"column":4},"end":{"line":274,"column":12}},"166":{"start":{"line":277,"column":2},"end":{"line":281,"column":3}},"167":{"start":{"line":278,"column":4},"end":{"line":278,"column":36}},"168":{"start":{"line":279,"column":4},"end":{"line":279,"column":20}},"169":{"start":{"line":280,"column":4},"end":{"line":280,"column":17}},"170":{"start":{"line":283,"column":2},"end":{"line":287,"column":3}},"171":{"start":{"line":284,"column":4},"end":{"line":284,"column":40}},"172":{"start":{"line":285,"column":4},"end":{"line":285,"column":20}},"173":{"start":{"line":286,"column":4},"end":{"line":286,"column":14}},"174":{"start":{"line":289,"column":2},"end":{"line":289,"column":51}}},"branchMap":{"1":{"line":19,"type":"cond-expr","locations":[{"start":{"line":19,"column":34},"end":{"line":19,"column":44}},{"start":{"line":19,"column":47},"end":{"line":19,"column":69}}]},"2":{"line":34,"type":"if","locations":[{"start":{"line":34,"column":4},"end":{"line":34,"column":4}},{"start":{"line":34,"column":4},"end":{"line":34,"column":4}}]},"3":{"line":100,"type":"cond-expr","locations":[{"start":{"line":100,"column":27},"end":{"line":100,"column":28}},{"start":{"line":100,"column":31},"end":{"line":100,"column":32}}]},"4":{"line":118,"type":"cond-expr","locations":[{"start":{"line":118,"column":30},"end":{"line":118,"column":46}},{"start":{"line":118,"column":49},"end":{"line":118,"column":52}}]},"5":{"line":122,"type":"cond-expr","locations":[{"start":{"line":122,"column":28},"end":{"line":122,"column":44}},{"start":{"line":122,"column":47},"end":{"line":122,"column":50}}]},"6":{"line":128,"type":"cond-expr","locations":[{"start":{"line":128,"column":43},"end":{"line":128,"column":59}},{"start":{"line":128,"column":62},"end":{"line":128,"column":65}}]},"7":{"line":137,"type":"if","locations":[{"start":{"line":137,"column":4},"end":{"line":137,"column":4}},{"start":{"line":137,"column":4},"end":{"line":137,"column":4}}]},"8":{"line":140,"type":"binary-expr","locations":[{"start":{"line":140,"column":14},"end":{"line":140,"column":19}},{"start":{"line":140,"column":23},"end":{"line":140,"column":24}}]},"9":{"line":153,"type":"if","locations":[{"start":{"line":153,"column":4},"end":{"line":153,"column":4}},{"start":{"line":153,"column":4},"end":{"line":153,"column":4}}]},"10":{"line":172,"type":"cond-expr","locations":[{"start":{"line":172,"column":21},"end":{"line":172,"column":23}},{"start":{"line":172,"column":26},"end":{"line":172,"column":52}}]}},"code":["var varint = require('varint')","var svarint = require('signed-varint')","","var encoder = function (type, encode, decode, encodingLength) {","  encode.bytes = decode.bytes = 0","","  return {","    type: type,","    encode: encode,","    decode: decode,","    encodingLength: encodingLength","  }","}","","exports.make = encoder","","exports.bytes = (function (tag) {","  var bufferLength = function (val) {","    return Buffer.isBuffer(val) ? val.length : Buffer.byteLength(val)","  }","","  var encodingLength = function (val) {","    var len = bufferLength(val)","    return varint.encodingLength(len) + len","  }","","  var encode = function (val, buffer, offset) {","    var oldOffset = offset","    var len = bufferLength(val)","","    varint.encode(len, buffer, offset)","    offset += varint.encode.bytes","","    if (Buffer.isBuffer(val)) val.copy(buffer, offset)","    else buffer.write(val, offset, len)","    offset += len","","    encode.bytes = offset - oldOffset","    return buffer","  }","","  var decode = function (buffer, offset) {","    var oldOffset = offset","","    var len = varint.decode(buffer, offset)","    offset += varint.decode.bytes","","    var val = buffer.slice(offset, offset + len)","    offset += val.length","","    decode.bytes = offset - oldOffset","    return val","  }","","  return encoder(2, encode, decode, encodingLength)","})()","","exports.string = (function () {","  var encodingLength = function (val) {","    var len = Buffer.byteLength(val)","    return varint.encodingLength(len) + len","  }","","  var encode = function (val, buffer, offset) {","    var oldOffset = offset","    var len = Buffer.byteLength(val)","","    varint.encode(len, buffer, offset, 'utf-8')","    offset += varint.encode.bytes","","    buffer.write(val, offset, len)","    offset += len","","    encode.bytes = offset - oldOffset","    return buffer","  }","","  var decode = function (buffer, offset) {","    var oldOffset = offset","","    var len = varint.decode(buffer, offset)","    offset += varint.decode.bytes","","    var val = buffer.toString('utf-8', offset, offset + len)","    offset += len","","    decode.bytes = offset - oldOffset","    return val","  }","","  return encoder(2, encode, decode, encodingLength)","})()","","exports.bool = (function () {","  var encodingLength = function (val) {","    return 1","  }","","  var encode = function (val, buffer, offset) {","    buffer[offset] = val ? 1 : 0","    encode.bytes = 1","    return buffer","  }","","  var decode = function (buffer, offset) {","    var bool = buffer[offset] > 0","    decode.bytes = 1","    return bool","  }","","  return encoder(0, encode, decode, encodingLength)","})()","","exports.int32 = (function () {","  var decode = function (buffer, offset) {","    var val = varint.decode(buffer, offset)","    decode.bytes = varint.decode.bytes","    return val > 2147483647 ? val - 4294967296 : val","  }","","  var encode = function (val, buffer, offset) {","    varint.encode(val < 0 ? val + 4294967296 : val, buffer, offset)","    encode.bytes = varint.encode.bytes","    return buffer","  }","","  var encodingLength = function (val) {","    return varint.encodingLength(val < 0 ? val + 4294967296 : val)","  }","","  return encoder(0, varint.encode, decode, encodingLength)","})()","","exports.int64 = (function () {","  var decode = function (buffer, offset) {","    var val = varint.decode(buffer, offset)","    if (val >= Math.pow(2, 63)) {","      var limit = 9","      while (buffer[offset + limit - 1] === 0xff) limit--","      limit = limit || 9","      var subset = new Buffer(limit)","      buffer.copy(subset, 0, offset, offset + limit)","      subset[limit - 1] = subset[limit - 1] & 0x7f","      val = -1 * varint.decode(subset, 0)","      decode.bytes = 10","    } else {","      decode.bytes = varint.decode.bytes","    }","    return val","  }","","  var encode = function (val, buffer, offset) {","    if (val < 0) {","      var last = offset + 9","      varint.encode(val * -1, buffer, offset)","      offset += varint.encode.bytes - 1","      buffer[offset] = buffer[offset] | 0x80","      while (offset < last - 1) {","        offset++","        buffer[offset] = 0xff","      }","      buffer[last] = 0x01","      encode.bytes = 10","    } else {","      varint.encode(val, buffer, offset)","      encode.bytes = varint.encode.bytes","    }","    return buffer","  }","","  var encodingLength = function (val) {","    return val < 0 ? 10 : varint.encodingLength(val)","  }","","  return encoder(0, encode, decode, encodingLength)","})()","","exports.sint32 =","exports.sint64 = (function () {","  return encoder(0, svarint.encode, svarint.decode, svarint.encodingLength)","})()","","exports.uint32 =","exports.uint64 =","exports.enum =","exports.varint = (function () {","  return encoder(0, varint.encode, varint.decode, varint.encodingLength)","})()","","// we cannot represent these in javascript so we just use buffers","exports.fixed64 =","exports.sfixed64 = (function () {","  var encodingLength = function (val) {","    return 8","  }","","  var encode = function (val, buffer, offset) {","    val.copy(buffer, offset)","    encode.bytes = 8","    return buffer","  }","","  var decode = function (buffer, offset) {","    var val = buffer.slice(offset, offset + 8)","    decode.bytes = 8","    return val","  }","","  return encoder(1, encode, decode, encodingLength)","})()","","exports.double = (function () {","  var encodingLength = function (val) {","    return 8","  }","","  var encode = function (val, buffer, offset) {","    buffer.writeDoubleLE(val, offset)","    encode.bytes = 8","    return buffer","  }","","  var decode = function (buffer, offset) {","    var val = buffer.readDoubleLE(offset)","    decode.bytes = 8","    return val","  }","","  return encoder(1, encode, decode, encodingLength)","})()","","exports.fixed32 = (function () {","  var encodingLength = function (val) {","    return 4","  }","","  var encode = function (val, buffer, offset) {","    buffer.writeUInt32LE(val, offset)","    encode.bytes = 4","    return buffer","  }","","  var decode = function (buffer, offset) {","    var val = buffer.readUInt32LE(offset)","    decode.bytes = 4","    return val","  }","","  return encoder(5, encode, decode, encodingLength)","})()","","exports.sfixed32 = (function () {","  var encodingLength = function (val) {","    return 4","  }","","  var encode = function (val, buffer, offset) {","    buffer.writeInt32LE(val, offset)","    encode.bytes = 4","    return buffer","  }","","  var decode = function (buffer, offset) {","    var val = buffer.readInt32LE(offset)","    decode.bytes = 4","    return val","  }","","  return encoder(5, encode, decode, encodingLength)","})()","","exports.float = (function () {","  var encodingLength = function (val) {","    return 4","  }","","  var encode = function (val, buffer, offset) {","    buffer.writeFloatLE(val, offset)","    encode.bytes = 4","    return buffer","  }","","  var decode = function (buffer, offset) {","    var val = buffer.readFloatLE(offset)","    decode.bytes = 4","    return val","  }","","  return encoder(5, encode, decode, encodingLength)","})()",""],"l":{"1":1,"2":1,"4":1,"5":12,"7":12,"15":1,"17":1,"18":1,"19":0,"22":1,"23":0,"24":0,"27":1,"28":0,"29":0,"31":0,"32":0,"34":0,"35":0,"36":0,"38":0,"39":0,"42":1,"43":0,"45":0,"46":0,"48":0,"49":0,"51":0,"52":0,"55":1,"58":1,"59":1,"60":0,"61":0,"64":1,"65":0,"66":0,"68":0,"69":0,"71":0,"72":0,"74":0,"75":0,"78":1,"79":0,"81":0,"82":0,"84":0,"85":0,"87":0,"88":0,"91":1,"94":1,"95":1,"96":0,"99":1,"100":0,"101":0,"102":0,"105":1,"106":0,"107":0,"108":0,"111":1,"114":1,"115":1,"116":0,"117":0,"118":0,"121":1,"122":0,"123":0,"124":0,"127":1,"128":0,"131":1,"134":1,"135":1,"136":0,"137":0,"138":0,"139":0,"140":0,"141":0,"142":0,"143":0,"144":0,"145":0,"147":0,"149":0,"152":1,"153":0,"154":0,"155":0,"156":0,"157":0,"158":0,"159":0,"160":0,"162":0,"163":0,"165":0,"166":0,"168":0,"171":1,"172":0,"175":1,"178":1,"180":1,"183":1,"187":1,"191":1,"193":1,"194":0,"197":1,"198":0,"199":0,"200":0,"203":1,"204":0,"205":0,"206":0,"209":1,"212":1,"213":1,"214":0,"217":1,"218":0,"219":0,"220":0,"223":1,"224":0,"225":0,"226":0,"229":1,"232":1,"233":1,"234":0,"237":1,"238":0,"239":0,"240":0,"243":1,"244":0,"245":0,"246":0,"249":1,"252":1,"253":1,"254":0,"257":1,"258":0,"259":0,"260":0,"263":1,"264":0,"265":0,"266":0,"269":1,"272":1,"273":1,"274":0,"277":1,"278":0,"279":0,"280":0,"283":1,"284":0,"285":0,"286":0,"289":1}}}